The system is: Linux - 5.10.63-v7l+ - armv7l
Compiling the C compiler identification source file "CMakeCCompilerId.c" succeeded.
Compiler: /usr/bin/cc 
Build flags: 
Id flags:  

The output was:
0


Compilation of the C compiler identification source "CMakeCCompilerId.c" produced "a.out"

The C compiler identification is GNU, found in "/home/pi/json-c-build/CMakeFiles/3.16.3/CompilerIdC/a.out"

Determining if the C compiler works passed with the following output:
Change Dir: /home/pi/json-c-build/CMakeFiles/CMakeTmp

Run Build Command(s):/usr/bin/make cmTC_05d8e/fast && /usr/bin/make -f CMakeFiles/cmTC_05d8e.dir/build.make CMakeFiles/cmTC_05d8e.dir/build
make[1]: Entering directory '/home/pi/json-c-build/CMakeFiles/CMakeTmp'
Building C object CMakeFiles/cmTC_05d8e.dir/testCCompiler.c.o
/usr/bin/cc    -o CMakeFiles/cmTC_05d8e.dir/testCCompiler.c.o   -c /home/pi/json-c-build/CMakeFiles/CMakeTmp/testCCompiler.c
Linking C executable cmTC_05d8e
/usr/bin/cmake -E cmake_link_script CMakeFiles/cmTC_05d8e.dir/link.txt --verbose=1
/usr/bin/cc      -rdynamic CMakeFiles/cmTC_05d8e.dir/testCCompiler.c.o  -o cmTC_05d8e 
make[1]: Leaving directory '/home/pi/json-c-build/CMakeFiles/CMakeTmp'



Detecting C compiler ABI info compiled with the following output:
Change Dir: /home/pi/json-c-build/CMakeFiles/CMakeTmp

Run Build Command(s):/usr/bin/make cmTC_54c59/fast && /usr/bin/make -f CMakeFiles/cmTC_54c59.dir/build.make CMakeFiles/cmTC_54c59.dir/build
make[1]: Entering directory '/home/pi/json-c-build/CMakeFiles/CMakeTmp'
Building C object CMakeFiles/cmTC_54c59.dir/CMakeCCompilerABI.c.o
/usr/bin/cc   -v -o CMakeFiles/cmTC_54c59.dir/CMakeCCompilerABI.c.o   -c /usr/share/cmake-3.16/Modules/CMakeCCompilerABI.c
Using built-in specs.
COLLECT_GCC=/usr/bin/cc
Target: arm-linux-gnueabihf
Configured with: ../src/configure -v --with-pkgversion='Raspbian 8.3.0-6+rpi1' --with-bugurl=file:///usr/share/doc/gcc-8/README.Bugs --enable-languages=c,ada,c++,go,d,fortran,objc,obj-c++ --prefix=/usr --with-gcc-major-version-only --program-suffix=-8 --program-prefix=arm-linux-gnueabihf- --enable-shared --enable-linker-build-id --libexecdir=/usr/lib --without-included-gettext --enable-threads=posix --libdir=/usr/lib --enable-nls --enable-bootstrap --enable-clocale=gnu --enable-libstdcxx-debug --enable-libstdcxx-time=yes --with-default-libstdcxx-abi=new --enable-gnu-unique-object --disable-libitm --disable-libquadmath --disable-libquadmath-support --enable-plugin --with-system-zlib --with-target-system-zlib --enable-objc-gc=auto --enable-multiarch --disable-sjlj-exceptions --with-arch=armv6 --with-fpu=vfp --with-float=hard --disable-werror --enable-checking=release --build=arm-linux-gnueabihf --host=arm-linux-gnueabihf --target=arm-linux-gnueabihf
Thread model: posix
gcc version 8.3.0 (Raspbian 8.3.0-6+rpi1) 
COLLECT_GCC_OPTIONS='-v' '-o' 'CMakeFiles/cmTC_54c59.dir/CMakeCCompilerABI.c.o' '-c'  '-mfloat-abi=hard' '-mfpu=vfp' '-mtls-dialect=gnu' '-marm' '-march=armv6+fp'
 /usr/lib/gcc/arm-linux-gnueabihf/8/cc1 -quiet -v -imultilib . -imultiarch arm-linux-gnueabihf /usr/share/cmake-3.16/Modules/CMakeCCompilerABI.c -quiet -dumpbase CMakeCCompilerABI.c -mfloat-abi=hard -mfpu=vfp -mtls-dialect=gnu -marm -march=armv6+fp -auxbase-strip CMakeFiles/cmTC_54c59.dir/CMakeCCompilerABI.c.o -version -o /tmp/ccLxigQc.s
GNU C17 (Raspbian 8.3.0-6+rpi1) version 8.3.0 (arm-linux-gnueabihf)
	compiled by GNU C version 8.3.0, GMP version 6.1.2, MPFR version 4.0.2, MPC version 1.1.0, isl version isl-0.20-GMP

GGC heuristics: --param ggc-min-expand=85 --param ggc-min-heapsize=103136
ignoring nonexistent directory "/usr/local/include/arm-linux-gnueabihf"
ignoring nonexistent directory "/usr/lib/gcc/arm-linux-gnueabihf/8/../../../../arm-linux-gnueabihf/include"
#include "..." search starts here:
#include <...> search starts here:
 /usr/lib/gcc/arm-linux-gnueabihf/8/include
 /usr/local/include
 /usr/lib/gcc/arm-linux-gnueabihf/8/include-fixed
 /usr/include/arm-linux-gnueabihf
 /usr/include
End of search list.
GNU C17 (Raspbian 8.3.0-6+rpi1) version 8.3.0 (arm-linux-gnueabihf)
	compiled by GNU C version 8.3.0, GMP version 6.1.2, MPFR version 4.0.2, MPC version 1.1.0, isl version isl-0.20-GMP

GGC heuristics: --param ggc-min-expand=85 --param ggc-min-heapsize=103136
Compiler executable checksum: bcc8c085e8c103b65550a3bb7c44a354
COLLECT_GCC_OPTIONS='-v' '-o' 'CMakeFiles/cmTC_54c59.dir/CMakeCCompilerABI.c.o' '-c'  '-mfloat-abi=hard' '-mfpu=vfp' '-mtls-dialect=gnu' '-marm' '-march=armv6+fp'
 as -v -march=armv6 -mfloat-abi=hard -mfpu=vfp -meabi=5 -o CMakeFiles/cmTC_54c59.dir/CMakeCCompilerABI.c.o /tmp/ccLxigQc.s
GNU assembler version 2.31.1 (arm-linux-gnueabihf) using BFD version (GNU Binutils for Raspbian) 2.31.1
COMPILER_PATH=/usr/lib/gcc/arm-linux-gnueabihf/8/:/usr/lib/gcc/arm-linux-gnueabihf/8/:/usr/lib/gcc/arm-linux-gnueabihf/:/usr/lib/gcc/arm-linux-gnueabihf/8/:/usr/lib/gcc/arm-linux-gnueabihf/
LIBRARY_PATH=/usr/lib/gcc/arm-linux-gnueabihf/8/:/usr/lib/gcc/arm-linux-gnueabihf/8/../../../arm-linux-gnueabihf/:/usr/lib/gcc/arm-linux-gnueabihf/8/../../../:/lib/arm-linux-gnueabihf/:/lib/:/usr/lib/arm-linux-gnueabihf/:/usr/lib/
COLLECT_GCC_OPTIONS='-v' '-o' 'CMakeFiles/cmTC_54c59.dir/CMakeCCompilerABI.c.o' '-c'  '-mfloat-abi=hard' '-mfpu=vfp' '-mtls-dialect=gnu' '-marm' '-march=armv6+fp'
Linking C executable cmTC_54c59
/usr/bin/cmake -E cmake_link_script CMakeFiles/cmTC_54c59.dir/link.txt --verbose=1
/usr/bin/cc     -v -rdynamic CMakeFiles/cmTC_54c59.dir/CMakeCCompilerABI.c.o  -o cmTC_54c59 
Using built-in specs.
COLLECT_GCC=/usr/bin/cc
COLLECT_LTO_WRAPPER=/usr/lib/gcc/arm-linux-gnueabihf/8/lto-wrapper
Target: arm-linux-gnueabihf
Configured with: ../src/configure -v --with-pkgversion='Raspbian 8.3.0-6+rpi1' --with-bugurl=file:///usr/share/doc/gcc-8/README.Bugs --enable-languages=c,ada,c++,go,d,fortran,objc,obj-c++ --prefix=/usr --with-gcc-major-version-only --program-suffix=-8 --program-prefix=arm-linux-gnueabihf- --enable-shared --enable-linker-build-id --libexecdir=/usr/lib --without-included-gettext --enable-threads=posix --libdir=/usr/lib --enable-nls --enable-bootstrap --enable-clocale=gnu --enable-libstdcxx-debug --enable-libstdcxx-time=yes --with-default-libstdcxx-abi=new --enable-gnu-unique-object --disable-libitm --disable-libquadmath --disable-libquadmath-support --enable-plugin --with-system-zlib --with-target-system-zlib --enable-objc-gc=auto --enable-multiarch --disable-sjlj-exceptions --with-arch=armv6 --with-fpu=vfp --with-float=hard --disable-werror --enable-checking=release --build=arm-linux-gnueabihf --host=arm-linux-gnueabihf --target=arm-linux-gnueabihf
Thread model: posix
gcc version 8.3.0 (Raspbian 8.3.0-6+rpi1) 
COMPILER_PATH=/usr/lib/gcc/arm-linux-gnueabihf/8/:/usr/lib/gcc/arm-linux-gnueabihf/8/:/usr/lib/gcc/arm-linux-gnueabihf/:/usr/lib/gcc/arm-linux-gnueabihf/8/:/usr/lib/gcc/arm-linux-gnueabihf/
LIBRARY_PATH=/usr/lib/gcc/arm-linux-gnueabihf/8/:/usr/lib/gcc/arm-linux-gnueabihf/8/../../../arm-linux-gnueabihf/:/usr/lib/gcc/arm-linux-gnueabihf/8/../../../:/lib/arm-linux-gnueabihf/:/lib/:/usr/lib/arm-linux-gnueabihf/:/usr/lib/
COLLECT_GCC_OPTIONS='-v' '-rdynamic' '-o' 'cmTC_54c59'  '-mfloat-abi=hard' '-mfpu=vfp' '-mtls-dialect=gnu' '-marm' '-march=armv6+fp'
 /usr/lib/gcc/arm-linux-gnueabihf/8/collect2 -plugin /usr/lib/gcc/arm-linux-gnueabihf/8/liblto_plugin.so -plugin-opt=/usr/lib/gcc/arm-linux-gnueabihf/8/lto-wrapper -plugin-opt=-fresolution=/tmp/ccbo4rpn.res -plugin-opt=-pass-through=-lgcc -plugin-opt=-pass-through=-lgcc_s -plugin-opt=-pass-through=-lc -plugin-opt=-pass-through=-lgcc -plugin-opt=-pass-through=-lgcc_s --build-id --eh-frame-hdr -export-dynamic -dynamic-linker /lib/ld-linux-armhf.so.3 -X --hash-style=gnu -m armelf_linux_eabi -o cmTC_54c59 /usr/lib/gcc/arm-linux-gnueabihf/8/../../../arm-linux-gnueabihf/crt1.o /usr/lib/gcc/arm-linux-gnueabihf/8/../../../arm-linux-gnueabihf/crti.o /usr/lib/gcc/arm-linux-gnueabihf/8/crtbegin.o -L/usr/lib/gcc/arm-linux-gnueabihf/8 -L/usr/lib/gcc/arm-linux-gnueabihf/8/../../../arm-linux-gnueabihf -L/usr/lib/gcc/arm-linux-gnueabihf/8/../../.. -L/lib/arm-linux-gnueabihf -L/usr/lib/arm-linux-gnueabihf CMakeFiles/cmTC_54c59.dir/CMakeCCompilerABI.c.o -lgcc --push-state --as-needed -lgcc_s --pop-state -lc -lgcc --push-state --as-needed -lgcc_s --pop-state /usr/lib/gcc/arm-linux-gnueabihf/8/crtend.o /usr/lib/gcc/arm-linux-gnueabihf/8/../../../arm-linux-gnueabihf/crtn.o
COLLECT_GCC_OPTIONS='-v' '-rdynamic' '-o' 'cmTC_54c59'  '-mfloat-abi=hard' '-mfpu=vfp' '-mtls-dialect=gnu' '-marm' '-march=armv6+fp'
make[1]: Leaving directory '/home/pi/json-c-build/CMakeFiles/CMakeTmp'



Parsed C implicit include dir info from above output: rv=done
  found start of include info
  found start of implicit include info
    add: [/usr/lib/gcc/arm-linux-gnueabihf/8/include]
    add: [/usr/local/include]
    add: [/usr/lib/gcc/arm-linux-gnueabihf/8/include-fixed]
    add: [/usr/include/arm-linux-gnueabihf]
    add: [/usr/include]
  end of search list found
  collapse include dir [/usr/lib/gcc/arm-linux-gnueabihf/8/include] ==> [/usr/lib/gcc/arm-linux-gnueabihf/8/include]
  collapse include dir [/usr/local/include] ==> [/usr/local/include]
  collapse include dir [/usr/lib/gcc/arm-linux-gnueabihf/8/include-fixed] ==> [/usr/lib/gcc/arm-linux-gnueabihf/8/include-fixed]
  collapse include dir [/usr/include/arm-linux-gnueabihf] ==> [/usr/include/arm-linux-gnueabihf]
  collapse include dir [/usr/include] ==> [/usr/include]
  implicit include dirs: [/usr/lib/gcc/arm-linux-gnueabihf/8/include;/usr/local/include;/usr/lib/gcc/arm-linux-gnueabihf/8/include-fixed;/usr/include/arm-linux-gnueabihf;/usr/include]


Parsed C implicit link information from above output:
  link line regex: [^( *|.*[/\])(ld|CMAKE_LINK_STARTFILE-NOTFOUND|([^/\]+-)?ld|collect2)[^/\]*( |$)]
  ignore line: [Change Dir: /home/pi/json-c-build/CMakeFiles/CMakeTmp]
  ignore line: []
  ignore line: [Run Build Command(s):/usr/bin/make cmTC_54c59/fast && /usr/bin/make -f CMakeFiles/cmTC_54c59.dir/build.make CMakeFiles/cmTC_54c59.dir/build]
  ignore line: [make[1]: Entering directory '/home/pi/json-c-build/CMakeFiles/CMakeTmp']
  ignore line: [Building C object CMakeFiles/cmTC_54c59.dir/CMakeCCompilerABI.c.o]
  ignore line: [/usr/bin/cc   -v -o CMakeFiles/cmTC_54c59.dir/CMakeCCompilerABI.c.o   -c /usr/share/cmake-3.16/Modules/CMakeCCompilerABI.c]
  ignore line: [Using built-in specs.]
  ignore line: [COLLECT_GCC=/usr/bin/cc]
  ignore line: [Target: arm-linux-gnueabihf]
  ignore line: [Configured with: ../src/configure -v --with-pkgversion='Raspbian 8.3.0-6+rpi1' --with-bugurl=file:///usr/share/doc/gcc-8/README.Bugs --enable-languages=c ada c++ go d fortran objc obj-c++ --prefix=/usr --with-gcc-major-version-only --program-suffix=-8 --program-prefix=arm-linux-gnueabihf- --enable-shared --enable-linker-build-id --libexecdir=/usr/lib --without-included-gettext --enable-threads=posix --libdir=/usr/lib --enable-nls --enable-bootstrap --enable-clocale=gnu --enable-libstdcxx-debug --enable-libstdcxx-time=yes --with-default-libstdcxx-abi=new --enable-gnu-unique-object --disable-libitm --disable-libquadmath --disable-libquadmath-support --enable-plugin --with-system-zlib --with-target-system-zlib --enable-objc-gc=auto --enable-multiarch --disable-sjlj-exceptions --with-arch=armv6 --with-fpu=vfp --with-float=hard --disable-werror --enable-checking=release --build=arm-linux-gnueabihf --host=arm-linux-gnueabihf --target=arm-linux-gnueabihf]
  ignore line: [Thread model: posix]
  ignore line: [gcc version 8.3.0 (Raspbian 8.3.0-6+rpi1) ]
  ignore line: [COLLECT_GCC_OPTIONS='-v' '-o' 'CMakeFiles/cmTC_54c59.dir/CMakeCCompilerABI.c.o' '-c'  '-mfloat-abi=hard' '-mfpu=vfp' '-mtls-dialect=gnu' '-marm' '-march=armv6+fp']
  ignore line: [ /usr/lib/gcc/arm-linux-gnueabihf/8/cc1 -quiet -v -imultilib . -imultiarch arm-linux-gnueabihf /usr/share/cmake-3.16/Modules/CMakeCCompilerABI.c -quiet -dumpbase CMakeCCompilerABI.c -mfloat-abi=hard -mfpu=vfp -mtls-dialect=gnu -marm -march=armv6+fp -auxbase-strip CMakeFiles/cmTC_54c59.dir/CMakeCCompilerABI.c.o -version -o /tmp/ccLxigQc.s]
  ignore line: [GNU C17 (Raspbian 8.3.0-6+rpi1) version 8.3.0 (arm-linux-gnueabihf)]
  ignore line: [	compiled by GNU C version 8.3.0  GMP version 6.1.2  MPFR version 4.0.2  MPC version 1.1.0  isl version isl-0.20-GMP]
  ignore line: []
  ignore line: [GGC heuristics: --param ggc-min-expand=85 --param ggc-min-heapsize=103136]
  ignore line: [ignoring nonexistent directory "/usr/local/include/arm-linux-gnueabihf"]
  ignore line: [ignoring nonexistent directory "/usr/lib/gcc/arm-linux-gnueabihf/8/../../../../arm-linux-gnueabihf/include"]
  ignore line: [#include "..." search starts here:]
  ignore line: [#include <...> search starts here:]
  ignore line: [ /usr/lib/gcc/arm-linux-gnueabihf/8/include]
  ignore line: [ /usr/local/include]
  ignore line: [ /usr/lib/gcc/arm-linux-gnueabihf/8/include-fixed]
  ignore line: [ /usr/include/arm-linux-gnueabihf]
  ignore line: [ /usr/include]
  ignore line: [End of search list.]
  ignore line: [GNU C17 (Raspbian 8.3.0-6+rpi1) version 8.3.0 (arm-linux-gnueabihf)]
  ignore line: [	compiled by GNU C version 8.3.0  GMP version 6.1.2  MPFR version 4.0.2  MPC version 1.1.0  isl version isl-0.20-GMP]
  ignore line: []
  ignore line: [GGC heuristics: --param ggc-min-expand=85 --param ggc-min-heapsize=103136]
  ignore line: [Compiler executable checksum: bcc8c085e8c103b65550a3bb7c44a354]
  ignore line: [COLLECT_GCC_OPTIONS='-v' '-o' 'CMakeFiles/cmTC_54c59.dir/CMakeCCompilerABI.c.o' '-c'  '-mfloat-abi=hard' '-mfpu=vfp' '-mtls-dialect=gnu' '-marm' '-march=armv6+fp']
  ignore line: [ as -v -march=armv6 -mfloat-abi=hard -mfpu=vfp -meabi=5 -o CMakeFiles/cmTC_54c59.dir/CMakeCCompilerABI.c.o /tmp/ccLxigQc.s]
  ignore line: [GNU assembler version 2.31.1 (arm-linux-gnueabihf) using BFD version (GNU Binutils for Raspbian) 2.31.1]
  ignore line: [COMPILER_PATH=/usr/lib/gcc/arm-linux-gnueabihf/8/:/usr/lib/gcc/arm-linux-gnueabihf/8/:/usr/lib/gcc/arm-linux-gnueabihf/:/usr/lib/gcc/arm-linux-gnueabihf/8/:/usr/lib/gcc/arm-linux-gnueabihf/]
  ignore line: [LIBRARY_PATH=/usr/lib/gcc/arm-linux-gnueabihf/8/:/usr/lib/gcc/arm-linux-gnueabihf/8/../../../arm-linux-gnueabihf/:/usr/lib/gcc/arm-linux-gnueabihf/8/../../../:/lib/arm-linux-gnueabihf/:/lib/:/usr/lib/arm-linux-gnueabihf/:/usr/lib/]
  ignore line: [COLLECT_GCC_OPTIONS='-v' '-o' 'CMakeFiles/cmTC_54c59.dir/CMakeCCompilerABI.c.o' '-c'  '-mfloat-abi=hard' '-mfpu=vfp' '-mtls-dialect=gnu' '-marm' '-march=armv6+fp']
  ignore line: [Linking C executable cmTC_54c59]
  ignore line: [/usr/bin/cmake -E cmake_link_script CMakeFiles/cmTC_54c59.dir/link.txt --verbose=1]
  ignore line: [/usr/bin/cc     -v -rdynamic CMakeFiles/cmTC_54c59.dir/CMakeCCompilerABI.c.o  -o cmTC_54c59 ]
  ignore line: [Using built-in specs.]
  ignore line: [COLLECT_GCC=/usr/bin/cc]
  ignore line: [COLLECT_LTO_WRAPPER=/usr/lib/gcc/arm-linux-gnueabihf/8/lto-wrapper]
  ignore line: [Target: arm-linux-gnueabihf]
  ignore line: [Configured with: ../src/configure -v --with-pkgversion='Raspbian 8.3.0-6+rpi1' --with-bugurl=file:///usr/share/doc/gcc-8/README.Bugs --enable-languages=c ada c++ go d fortran objc obj-c++ --prefix=/usr --with-gcc-major-version-only --program-suffix=-8 --program-prefix=arm-linux-gnueabihf- --enable-shared --enable-linker-build-id --libexecdir=/usr/lib --without-included-gettext --enable-threads=posix --libdir=/usr/lib --enable-nls --enable-bootstrap --enable-clocale=gnu --enable-libstdcxx-debug --enable-libstdcxx-time=yes --with-default-libstdcxx-abi=new --enable-gnu-unique-object --disable-libitm --disable-libquadmath --disable-libquadmath-support --enable-plugin --with-system-zlib --with-target-system-zlib --enable-objc-gc=auto --enable-multiarch --disable-sjlj-exceptions --with-arch=armv6 --with-fpu=vfp --with-float=hard --disable-werror --enable-checking=release --build=arm-linux-gnueabihf --host=arm-linux-gnueabihf --target=arm-linux-gnueabihf]
  ignore line: [Thread model: posix]
  ignore line: [gcc version 8.3.0 (Raspbian 8.3.0-6+rpi1) ]
  ignore line: [COMPILER_PATH=/usr/lib/gcc/arm-linux-gnueabihf/8/:/usr/lib/gcc/arm-linux-gnueabihf/8/:/usr/lib/gcc/arm-linux-gnueabihf/:/usr/lib/gcc/arm-linux-gnueabihf/8/:/usr/lib/gcc/arm-linux-gnueabihf/]
  ignore line: [LIBRARY_PATH=/usr/lib/gcc/arm-linux-gnueabihf/8/:/usr/lib/gcc/arm-linux-gnueabihf/8/../../../arm-linux-gnueabihf/:/usr/lib/gcc/arm-linux-gnueabihf/8/../../../:/lib/arm-linux-gnueabihf/:/lib/:/usr/lib/arm-linux-gnueabihf/:/usr/lib/]
  ignore line: [COLLECT_GCC_OPTIONS='-v' '-rdynamic' '-o' 'cmTC_54c59'  '-mfloat-abi=hard' '-mfpu=vfp' '-mtls-dialect=gnu' '-marm' '-march=armv6+fp']
  link line: [ /usr/lib/gcc/arm-linux-gnueabihf/8/collect2 -plugin /usr/lib/gcc/arm-linux-gnueabihf/8/liblto_plugin.so -plugin-opt=/usr/lib/gcc/arm-linux-gnueabihf/8/lto-wrapper -plugin-opt=-fresolution=/tmp/ccbo4rpn.res -plugin-opt=-pass-through=-lgcc -plugin-opt=-pass-through=-lgcc_s -plugin-opt=-pass-through=-lc -plugin-opt=-pass-through=-lgcc -plugin-opt=-pass-through=-lgcc_s --build-id --eh-frame-hdr -export-dynamic -dynamic-linker /lib/ld-linux-armhf.so.3 -X --hash-style=gnu -m armelf_linux_eabi -o cmTC_54c59 /usr/lib/gcc/arm-linux-gnueabihf/8/../../../arm-linux-gnueabihf/crt1.o /usr/lib/gcc/arm-linux-gnueabihf/8/../../../arm-linux-gnueabihf/crti.o /usr/lib/gcc/arm-linux-gnueabihf/8/crtbegin.o -L/usr/lib/gcc/arm-linux-gnueabihf/8 -L/usr/lib/gcc/arm-linux-gnueabihf/8/../../../arm-linux-gnueabihf -L/usr/lib/gcc/arm-linux-gnueabihf/8/../../.. -L/lib/arm-linux-gnueabihf -L/usr/lib/arm-linux-gnueabihf CMakeFiles/cmTC_54c59.dir/CMakeCCompilerABI.c.o -lgcc --push-state --as-needed -lgcc_s --pop-state -lc -lgcc --push-state --as-needed -lgcc_s --pop-state /usr/lib/gcc/arm-linux-gnueabihf/8/crtend.o /usr/lib/gcc/arm-linux-gnueabihf/8/../../../arm-linux-gnueabihf/crtn.o]
    arg [/usr/lib/gcc/arm-linux-gnueabihf/8/collect2] ==> ignore
    arg [-plugin] ==> ignore
    arg [/usr/lib/gcc/arm-linux-gnueabihf/8/liblto_plugin.so] ==> ignore
    arg [-plugin-opt=/usr/lib/gcc/arm-linux-gnueabihf/8/lto-wrapper] ==> ignore
    arg [-plugin-opt=-fresolution=/tmp/ccbo4rpn.res] ==> ignore
    arg [-plugin-opt=-pass-through=-lgcc] ==> ignore
    arg [-plugin-opt=-pass-through=-lgcc_s] ==> ignore
    arg [-plugin-opt=-pass-through=-lc] ==> ignore
    arg [-plugin-opt=-pass-through=-lgcc] ==> ignore
    arg [-plugin-opt=-pass-through=-lgcc_s] ==> ignore
    arg [--build-id] ==> ignore
    arg [--eh-frame-hdr] ==> ignore
    arg [-export-dynamic] ==> ignore
    arg [-dynamic-linker] ==> ignore
    arg [/lib/ld-linux-armhf.so.3] ==> ignore
    arg [-X] ==> ignore
    arg [--hash-style=gnu] ==> ignore
    arg [-m] ==> ignore
    arg [armelf_linux_eabi] ==> ignore
    arg [-o] ==> ignore
    arg [cmTC_54c59] ==> ignore
    arg [/usr/lib/gcc/arm-linux-gnueabihf/8/../../../arm-linux-gnueabihf/crt1.o] ==> ignore
    arg [/usr/lib/gcc/arm-linux-gnueabihf/8/../../../arm-linux-gnueabihf/crti.o] ==> ignore
    arg [/usr/lib/gcc/arm-linux-gnueabihf/8/crtbegin.o] ==> ignore
    arg [-L/usr/lib/gcc/arm-linux-gnueabihf/8] ==> dir [/usr/lib/gcc/arm-linux-gnueabihf/8]
    arg [-L/usr/lib/gcc/arm-linux-gnueabihf/8/../../../arm-linux-gnueabihf] ==> dir [/usr/lib/gcc/arm-linux-gnueabihf/8/../../../arm-linux-gnueabihf]
    arg [-L/usr/lib/gcc/arm-linux-gnueabihf/8/../../..] ==> dir [/usr/lib/gcc/arm-linux-gnueabihf/8/../../..]
    arg [-L/lib/arm-linux-gnueabihf] ==> dir [/lib/arm-linux-gnueabihf]
    arg [-L/usr/lib/arm-linux-gnueabihf] ==> dir [/usr/lib/arm-linux-gnueabihf]
    arg [CMakeFiles/cmTC_54c59.dir/CMakeCCompilerABI.c.o] ==> ignore
    arg [-lgcc] ==> lib [gcc]
    arg [--push-state] ==> ignore
    arg [--as-needed] ==> ignore
    arg [-lgcc_s] ==> lib [gcc_s]
    arg [--pop-state] ==> ignore
    arg [-lc] ==> lib [c]
    arg [-lgcc] ==> lib [gcc]
    arg [--push-state] ==> ignore
    arg [--as-needed] ==> ignore
    arg [-lgcc_s] ==> lib [gcc_s]
    arg [--pop-state] ==> ignore
    arg [/usr/lib/gcc/arm-linux-gnueabihf/8/crtend.o] ==> ignore
    arg [/usr/lib/gcc/arm-linux-gnueabihf/8/../../../arm-linux-gnueabihf/crtn.o] ==> ignore
  collapse library dir [/usr/lib/gcc/arm-linux-gnueabihf/8] ==> [/usr/lib/gcc/arm-linux-gnueabihf/8]
  collapse library dir [/usr/lib/gcc/arm-linux-gnueabihf/8/../../../arm-linux-gnueabihf] ==> [/usr/lib/arm-linux-gnueabihf]
  collapse library dir [/usr/lib/gcc/arm-linux-gnueabihf/8/../../..] ==> [/usr/lib]
  collapse library dir [/lib/arm-linux-gnueabihf] ==> [/lib/arm-linux-gnueabihf]
  collapse library dir [/usr/lib/arm-linux-gnueabihf] ==> [/usr/lib/arm-linux-gnueabihf]
  implicit libs: [gcc;gcc_s;c;gcc;gcc_s]
  implicit dirs: [/usr/lib/gcc/arm-linux-gnueabihf/8;/usr/lib/arm-linux-gnueabihf;/usr/lib;/lib/arm-linux-gnueabihf]
  implicit fwks: []


Determining if the include file sys/resource.h exists passed with the following output:
Change Dir: /home/pi/json-c-build/CMakeFiles/CMakeTmp

Run Build Command(s):/usr/bin/make cmTC_1e6a4/fast && /usr/bin/make -f CMakeFiles/cmTC_1e6a4.dir/build.make CMakeFiles/cmTC_1e6a4.dir/build
make[1]: Entering directory '/home/pi/json-c-build/CMakeFiles/CMakeTmp'
Building C object CMakeFiles/cmTC_1e6a4.dir/CheckIncludeFile.c.o
/usr/bin/cc    -o CMakeFiles/cmTC_1e6a4.dir/CheckIncludeFile.c.o   -c /home/pi/json-c-build/CMakeFiles/CMakeTmp/CheckIncludeFile.c
Linking C executable cmTC_1e6a4
/usr/bin/cmake -E cmake_link_script CMakeFiles/cmTC_1e6a4.dir/link.txt --verbose=1
/usr/bin/cc      -rdynamic CMakeFiles/cmTC_1e6a4.dir/CheckIncludeFile.c.o  -o cmTC_1e6a4 
make[1]: Leaving directory '/home/pi/json-c-build/CMakeFiles/CMakeTmp'



Determining if the getrusage exist passed with the following output:
Change Dir: /home/pi/json-c-build/CMakeFiles/CMakeTmp

Run Build Command(s):/usr/bin/make cmTC_625ec/fast && /usr/bin/make -f CMakeFiles/cmTC_625ec.dir/build.make CMakeFiles/cmTC_625ec.dir/build
make[1]: Entering directory '/home/pi/json-c-build/CMakeFiles/CMakeTmp'
Building C object CMakeFiles/cmTC_625ec.dir/CheckSymbolExists.c.o
/usr/bin/cc    -o CMakeFiles/cmTC_625ec.dir/CheckSymbolExists.c.o   -c /home/pi/json-c-build/CMakeFiles/CMakeTmp/CheckSymbolExists.c
Linking C executable cmTC_625ec
/usr/bin/cmake -E cmake_link_script CMakeFiles/cmTC_625ec.dir/link.txt --verbose=1
/usr/bin/cc      -rdynamic CMakeFiles/cmTC_625ec.dir/CheckSymbolExists.c.o  -o cmTC_625ec 
make[1]: Leaving directory '/home/pi/json-c-build/CMakeFiles/CMakeTmp'


File /home/pi/json-c-build/CMakeFiles/CMakeTmp/CheckSymbolExists.c:
/* */
#include <sys/resource.h>

int main(int argc, char** argv)
{
  (void)argv;
#ifndef getrusage
  return ((int*)(&getrusage))[argc];
#else
  (void)argc;
  return 0;
#endif
}
Determining if the include file fcntl.h exists passed with the following output:
Change Dir: /home/pi/json-c-build/CMakeFiles/CMakeTmp

Run Build Command(s):/usr/bin/make cmTC_16e45/fast && /usr/bin/make -f CMakeFiles/cmTC_16e45.dir/build.make CMakeFiles/cmTC_16e45.dir/build
make[1]: Entering directory '/home/pi/json-c-build/CMakeFiles/CMakeTmp'
Building C object CMakeFiles/cmTC_16e45.dir/CheckIncludeFile.c.o
/usr/bin/cc -D_GNU_SOURCE  -fPIE   -o CMakeFiles/cmTC_16e45.dir/CheckIncludeFile.c.o   -c /home/pi/json-c-build/CMakeFiles/CMakeTmp/CheckIncludeFile.c
Linking C executable cmTC_16e45
/usr/bin/cmake -E cmake_link_script CMakeFiles/cmTC_16e45.dir/link.txt --verbose=1
/usr/bin/cc      -rdynamic CMakeFiles/cmTC_16e45.dir/CheckIncludeFile.c.o  -o cmTC_16e45  -lm 
make[1]: Leaving directory '/home/pi/json-c-build/CMakeFiles/CMakeTmp'



Determining if the include file inttypes.h exists passed with the following output:
Change Dir: /home/pi/json-c-build/CMakeFiles/CMakeTmp

Run Build Command(s):/usr/bin/make cmTC_25195/fast && /usr/bin/make -f CMakeFiles/cmTC_25195.dir/build.make CMakeFiles/cmTC_25195.dir/build
make[1]: Entering directory '/home/pi/json-c-build/CMakeFiles/CMakeTmp'
Building C object CMakeFiles/cmTC_25195.dir/CheckIncludeFile.c.o
/usr/bin/cc -D_GNU_SOURCE  -fPIE   -o CMakeFiles/cmTC_25195.dir/CheckIncludeFile.c.o   -c /home/pi/json-c-build/CMakeFiles/CMakeTmp/CheckIncludeFile.c
Linking C executable cmTC_25195
/usr/bin/cmake -E cmake_link_script CMakeFiles/cmTC_25195.dir/link.txt --verbose=1
/usr/bin/cc      -rdynamic CMakeFiles/cmTC_25195.dir/CheckIncludeFile.c.o  -o cmTC_25195  -lm 
make[1]: Leaving directory '/home/pi/json-c-build/CMakeFiles/CMakeTmp'



Determining if the include file stdarg.h exists passed with the following output:
Change Dir: /home/pi/json-c-build/CMakeFiles/CMakeTmp

Run Build Command(s):/usr/bin/make cmTC_ae6ff/fast && /usr/bin/make -f CMakeFiles/cmTC_ae6ff.dir/build.make CMakeFiles/cmTC_ae6ff.dir/build
make[1]: Entering directory '/home/pi/json-c-build/CMakeFiles/CMakeTmp'
Building C object CMakeFiles/cmTC_ae6ff.dir/CheckIncludeFile.c.o
/usr/bin/cc -D_GNU_SOURCE  -fPIE   -o CMakeFiles/cmTC_ae6ff.dir/CheckIncludeFile.c.o   -c /home/pi/json-c-build/CMakeFiles/CMakeTmp/CheckIncludeFile.c
Linking C executable cmTC_ae6ff
/usr/bin/cmake -E cmake_link_script CMakeFiles/cmTC_ae6ff.dir/link.txt --verbose=1
/usr/bin/cc      -rdynamic CMakeFiles/cmTC_ae6ff.dir/CheckIncludeFile.c.o  -o cmTC_ae6ff  -lm 
make[1]: Leaving directory '/home/pi/json-c-build/CMakeFiles/CMakeTmp'



Determining if the include file strings.h exists passed with the following output:
Change Dir: /home/pi/json-c-build/CMakeFiles/CMakeTmp

Run Build Command(s):/usr/bin/make cmTC_b7181/fast && /usr/bin/make -f CMakeFiles/cmTC_b7181.dir/build.make CMakeFiles/cmTC_b7181.dir/build
make[1]: Entering directory '/home/pi/json-c-build/CMakeFiles/CMakeTmp'
Building C object CMakeFiles/cmTC_b7181.dir/CheckIncludeFile.c.o
/usr/bin/cc -D_GNU_SOURCE  -fPIE   -o CMakeFiles/cmTC_b7181.dir/CheckIncludeFile.c.o   -c /home/pi/json-c-build/CMakeFiles/CMakeTmp/CheckIncludeFile.c
Linking C executable cmTC_b7181
/usr/bin/cmake -E cmake_link_script CMakeFiles/cmTC_b7181.dir/link.txt --verbose=1
/usr/bin/cc      -rdynamic CMakeFiles/cmTC_b7181.dir/CheckIncludeFile.c.o  -o cmTC_b7181  -lm 
make[1]: Leaving directory '/home/pi/json-c-build/CMakeFiles/CMakeTmp'



Determining if the include file string.h exists passed with the following output:
Change Dir: /home/pi/json-c-build/CMakeFiles/CMakeTmp

Run Build Command(s):/usr/bin/make cmTC_4de84/fast && /usr/bin/make -f CMakeFiles/cmTC_4de84.dir/build.make CMakeFiles/cmTC_4de84.dir/build
make[1]: Entering directory '/home/pi/json-c-build/CMakeFiles/CMakeTmp'
Building C object CMakeFiles/cmTC_4de84.dir/CheckIncludeFile.c.o
/usr/bin/cc -D_GNU_SOURCE  -fPIE   -o CMakeFiles/cmTC_4de84.dir/CheckIncludeFile.c.o   -c /home/pi/json-c-build/CMakeFiles/CMakeTmp/CheckIncludeFile.c
Linking C executable cmTC_4de84
/usr/bin/cmake -E cmake_link_script CMakeFiles/cmTC_4de84.dir/link.txt --verbose=1
/usr/bin/cc      -rdynamic CMakeFiles/cmTC_4de84.dir/CheckIncludeFile.c.o  -o cmTC_4de84  -lm 
make[1]: Leaving directory '/home/pi/json-c-build/CMakeFiles/CMakeTmp'



Determining if the include file syslog.h exists passed with the following output:
Change Dir: /home/pi/json-c-build/CMakeFiles/CMakeTmp

Run Build Command(s):/usr/bin/make cmTC_cd8c4/fast && /usr/bin/make -f CMakeFiles/cmTC_cd8c4.dir/build.make CMakeFiles/cmTC_cd8c4.dir/build
make[1]: Entering directory '/home/pi/json-c-build/CMakeFiles/CMakeTmp'
Building C object CMakeFiles/cmTC_cd8c4.dir/CheckIncludeFile.c.o
/usr/bin/cc -D_GNU_SOURCE  -fPIE   -o CMakeFiles/cmTC_cd8c4.dir/CheckIncludeFile.c.o   -c /home/pi/json-c-build/CMakeFiles/CMakeTmp/CheckIncludeFile.c
Linking C executable cmTC_cd8c4
/usr/bin/cmake -E cmake_link_script CMakeFiles/cmTC_cd8c4.dir/link.txt --verbose=1
/usr/bin/cc      -rdynamic CMakeFiles/cmTC_cd8c4.dir/CheckIncludeFile.c.o  -o cmTC_cd8c4  -lm 
make[1]: Leaving directory '/home/pi/json-c-build/CMakeFiles/CMakeTmp'



Determining if files stdlib.h;stdarg.h;string.h;float.h exist passed with the following output:
Change Dir: /home/pi/json-c-build/CMakeFiles/CMakeTmp

Run Build Command(s):/usr/bin/make cmTC_78b75/fast && /usr/bin/make -f CMakeFiles/cmTC_78b75.dir/build.make CMakeFiles/cmTC_78b75.dir/build
make[1]: Entering directory '/home/pi/json-c-build/CMakeFiles/CMakeTmp'
Building C object CMakeFiles/cmTC_78b75.dir/STDC_HEADERS.c.o
/usr/bin/cc -D_GNU_SOURCE  -fPIE   -o CMakeFiles/cmTC_78b75.dir/STDC_HEADERS.c.o   -c /home/pi/json-c-build/CMakeFiles/CheckIncludeFiles/STDC_HEADERS.c
Linking C executable cmTC_78b75
/usr/bin/cmake -E cmake_link_script CMakeFiles/cmTC_78b75.dir/link.txt --verbose=1
/usr/bin/cc      -rdynamic CMakeFiles/cmTC_78b75.dir/STDC_HEADERS.c.o  -o cmTC_78b75  -lm 
make[1]: Leaving directory '/home/pi/json-c-build/CMakeFiles/CMakeTmp'



Determining if the include file unistd.h exists passed with the following output:
Change Dir: /home/pi/json-c-build/CMakeFiles/CMakeTmp

Run Build Command(s):/usr/bin/make cmTC_84d5a/fast && /usr/bin/make -f CMakeFiles/cmTC_84d5a.dir/build.make CMakeFiles/cmTC_84d5a.dir/build
make[1]: Entering directory '/home/pi/json-c-build/CMakeFiles/CMakeTmp'
Building C object CMakeFiles/cmTC_84d5a.dir/CheckIncludeFile.c.o
/usr/bin/cc -D_GNU_SOURCE  -fPIE   -o CMakeFiles/cmTC_84d5a.dir/CheckIncludeFile.c.o   -c /home/pi/json-c-build/CMakeFiles/CMakeTmp/CheckIncludeFile.c
Linking C executable cmTC_84d5a
/usr/bin/cmake -E cmake_link_script CMakeFiles/cmTC_84d5a.dir/link.txt --verbose=1
/usr/bin/cc      -rdynamic CMakeFiles/cmTC_84d5a.dir/CheckIncludeFile.c.o  -o cmTC_84d5a  -lm 
make[1]: Leaving directory '/home/pi/json-c-build/CMakeFiles/CMakeTmp'



Determining if the include file sys/types.h exists passed with the following output:
Change Dir: /home/pi/json-c-build/CMakeFiles/CMakeTmp

Run Build Command(s):/usr/bin/make cmTC_29773/fast && /usr/bin/make -f CMakeFiles/cmTC_29773.dir/build.make CMakeFiles/cmTC_29773.dir/build
make[1]: Entering directory '/home/pi/json-c-build/CMakeFiles/CMakeTmp'
Building C object CMakeFiles/cmTC_29773.dir/CheckIncludeFile.c.o
/usr/bin/cc -D_GNU_SOURCE  -fPIE   -o CMakeFiles/cmTC_29773.dir/CheckIncludeFile.c.o   -c /home/pi/json-c-build/CMakeFiles/CMakeTmp/CheckIncludeFile.c
Linking C executable cmTC_29773
/usr/bin/cmake -E cmake_link_script CMakeFiles/cmTC_29773.dir/link.txt --verbose=1
/usr/bin/cc      -rdynamic CMakeFiles/cmTC_29773.dir/CheckIncludeFile.c.o  -o cmTC_29773  -lm 
make[1]: Leaving directory '/home/pi/json-c-build/CMakeFiles/CMakeTmp'



Determining if the include file dlfcn.h exists passed with the following output:
Change Dir: /home/pi/json-c-build/CMakeFiles/CMakeTmp

Run Build Command(s):/usr/bin/make cmTC_822e6/fast && /usr/bin/make -f CMakeFiles/cmTC_822e6.dir/build.make CMakeFiles/cmTC_822e6.dir/build
make[1]: Entering directory '/home/pi/json-c-build/CMakeFiles/CMakeTmp'
Building C object CMakeFiles/cmTC_822e6.dir/CheckIncludeFile.c.o
/usr/bin/cc -D_GNU_SOURCE  -fPIE   -o CMakeFiles/cmTC_822e6.dir/CheckIncludeFile.c.o   -c /home/pi/json-c-build/CMakeFiles/CMakeTmp/CheckIncludeFile.c
Linking C executable cmTC_822e6
/usr/bin/cmake -E cmake_link_script CMakeFiles/cmTC_822e6.dir/link.txt --verbose=1
/usr/bin/cc      -rdynamic CMakeFiles/cmTC_822e6.dir/CheckIncludeFile.c.o  -o cmTC_822e6  -lm 
make[1]: Leaving directory '/home/pi/json-c-build/CMakeFiles/CMakeTmp'



Determining if the include file endian.h exists passed with the following output:
Change Dir: /home/pi/json-c-build/CMakeFiles/CMakeTmp

Run Build Command(s):/usr/bin/make cmTC_e58e0/fast && /usr/bin/make -f CMakeFiles/cmTC_e58e0.dir/build.make CMakeFiles/cmTC_e58e0.dir/build
make[1]: Entering directory '/home/pi/json-c-build/CMakeFiles/CMakeTmp'
Building C object CMakeFiles/cmTC_e58e0.dir/CheckIncludeFile.c.o
/usr/bin/cc -D_GNU_SOURCE  -fPIE   -o CMakeFiles/cmTC_e58e0.dir/CheckIncludeFile.c.o   -c /home/pi/json-c-build/CMakeFiles/CMakeTmp/CheckIncludeFile.c
Linking C executable cmTC_e58e0
/usr/bin/cmake -E cmake_link_script CMakeFiles/cmTC_e58e0.dir/link.txt --verbose=1
/usr/bin/cc      -rdynamic CMakeFiles/cmTC_e58e0.dir/CheckIncludeFile.c.o  -o cmTC_e58e0  -lm 
make[1]: Leaving directory '/home/pi/json-c-build/CMakeFiles/CMakeTmp'



Determining if the include file limits.h exists passed with the following output:
Change Dir: /home/pi/json-c-build/CMakeFiles/CMakeTmp

Run Build Command(s):/usr/bin/make cmTC_06b9c/fast && /usr/bin/make -f CMakeFiles/cmTC_06b9c.dir/build.make CMakeFiles/cmTC_06b9c.dir/build
make[1]: Entering directory '/home/pi/json-c-build/CMakeFiles/CMakeTmp'
Building C object CMakeFiles/cmTC_06b9c.dir/CheckIncludeFile.c.o
/usr/bin/cc -D_GNU_SOURCE  -fPIE   -o CMakeFiles/cmTC_06b9c.dir/CheckIncludeFile.c.o   -c /home/pi/json-c-build/CMakeFiles/CMakeTmp/CheckIncludeFile.c
Linking C executable cmTC_06b9c
/usr/bin/cmake -E cmake_link_script CMakeFiles/cmTC_06b9c.dir/link.txt --verbose=1
/usr/bin/cc      -rdynamic CMakeFiles/cmTC_06b9c.dir/CheckIncludeFile.c.o  -o cmTC_06b9c  -lm 
make[1]: Leaving directory '/home/pi/json-c-build/CMakeFiles/CMakeTmp'



Determining if the include file locale.h exists passed with the following output:
Change Dir: /home/pi/json-c-build/CMakeFiles/CMakeTmp

Run Build Command(s):/usr/bin/make cmTC_63e66/fast && /usr/bin/make -f CMakeFiles/cmTC_63e66.dir/build.make CMakeFiles/cmTC_63e66.dir/build
make[1]: Entering directory '/home/pi/json-c-build/CMakeFiles/CMakeTmp'
Building C object CMakeFiles/cmTC_63e66.dir/CheckIncludeFile.c.o
/usr/bin/cc -D_GNU_SOURCE  -fPIE   -o CMakeFiles/cmTC_63e66.dir/CheckIncludeFile.c.o   -c /home/pi/json-c-build/CMakeFiles/CMakeTmp/CheckIncludeFile.c
Linking C executable cmTC_63e66
/usr/bin/cmake -E cmake_link_script CMakeFiles/cmTC_63e66.dir/link.txt --verbose=1
/usr/bin/cc      -rdynamic CMakeFiles/cmTC_63e66.dir/CheckIncludeFile.c.o  -o cmTC_63e66  -lm 
make[1]: Leaving directory '/home/pi/json-c-build/CMakeFiles/CMakeTmp'



Determining if the include file memory.h exists passed with the following output:
Change Dir: /home/pi/json-c-build/CMakeFiles/CMakeTmp

Run Build Command(s):/usr/bin/make cmTC_be0bf/fast && /usr/bin/make -f CMakeFiles/cmTC_be0bf.dir/build.make CMakeFiles/cmTC_be0bf.dir/build
make[1]: Entering directory '/home/pi/json-c-build/CMakeFiles/CMakeTmp'
Building C object CMakeFiles/cmTC_be0bf.dir/CheckIncludeFile.c.o
/usr/bin/cc -D_GNU_SOURCE  -fPIE   -o CMakeFiles/cmTC_be0bf.dir/CheckIncludeFile.c.o   -c /home/pi/json-c-build/CMakeFiles/CMakeTmp/CheckIncludeFile.c
Linking C executable cmTC_be0bf
/usr/bin/cmake -E cmake_link_script CMakeFiles/cmTC_be0bf.dir/link.txt --verbose=1
/usr/bin/cc      -rdynamic CMakeFiles/cmTC_be0bf.dir/CheckIncludeFile.c.o  -o cmTC_be0bf  -lm 
make[1]: Leaving directory '/home/pi/json-c-build/CMakeFiles/CMakeTmp'



Determining if the include file stdint.h exists passed with the following output:
Change Dir: /home/pi/json-c-build/CMakeFiles/CMakeTmp

Run Build Command(s):/usr/bin/make cmTC_14a2a/fast && /usr/bin/make -f CMakeFiles/cmTC_14a2a.dir/build.make CMakeFiles/cmTC_14a2a.dir/build
make[1]: Entering directory '/home/pi/json-c-build/CMakeFiles/CMakeTmp'
Building C object CMakeFiles/cmTC_14a2a.dir/CheckIncludeFile.c.o
/usr/bin/cc -D_GNU_SOURCE  -fPIE   -o CMakeFiles/cmTC_14a2a.dir/CheckIncludeFile.c.o   -c /home/pi/json-c-build/CMakeFiles/CMakeTmp/CheckIncludeFile.c
Linking C executable cmTC_14a2a
/usr/bin/cmake -E cmake_link_script CMakeFiles/cmTC_14a2a.dir/link.txt --verbose=1
/usr/bin/cc      -rdynamic CMakeFiles/cmTC_14a2a.dir/CheckIncludeFile.c.o  -o cmTC_14a2a  -lm 
make[1]: Leaving directory '/home/pi/json-c-build/CMakeFiles/CMakeTmp'



Determining if the include file stdlib.h exists passed with the following output:
Change Dir: /home/pi/json-c-build/CMakeFiles/CMakeTmp

Run Build Command(s):/usr/bin/make cmTC_23e80/fast && /usr/bin/make -f CMakeFiles/cmTC_23e80.dir/build.make CMakeFiles/cmTC_23e80.dir/build
make[1]: Entering directory '/home/pi/json-c-build/CMakeFiles/CMakeTmp'
Building C object CMakeFiles/cmTC_23e80.dir/CheckIncludeFile.c.o
/usr/bin/cc -D_GNU_SOURCE  -fPIE   -o CMakeFiles/cmTC_23e80.dir/CheckIncludeFile.c.o   -c /home/pi/json-c-build/CMakeFiles/CMakeTmp/CheckIncludeFile.c
Linking C executable cmTC_23e80
/usr/bin/cmake -E cmake_link_script CMakeFiles/cmTC_23e80.dir/link.txt --verbose=1
/usr/bin/cc      -rdynamic CMakeFiles/cmTC_23e80.dir/CheckIncludeFile.c.o  -o cmTC_23e80  -lm 
make[1]: Leaving directory '/home/pi/json-c-build/CMakeFiles/CMakeTmp'



Determining if the include file sys/cdefs.h exists passed with the following output:
Change Dir: /home/pi/json-c-build/CMakeFiles/CMakeTmp

Run Build Command(s):/usr/bin/make cmTC_ed78e/fast && /usr/bin/make -f CMakeFiles/cmTC_ed78e.dir/build.make CMakeFiles/cmTC_ed78e.dir/build
make[1]: Entering directory '/home/pi/json-c-build/CMakeFiles/CMakeTmp'
Building C object CMakeFiles/cmTC_ed78e.dir/CheckIncludeFile.c.o
/usr/bin/cc -D_GNU_SOURCE  -fPIE   -o CMakeFiles/cmTC_ed78e.dir/CheckIncludeFile.c.o   -c /home/pi/json-c-build/CMakeFiles/CMakeTmp/CheckIncludeFile.c
Linking C executable cmTC_ed78e
/usr/bin/cmake -E cmake_link_script CMakeFiles/cmTC_ed78e.dir/link.txt --verbose=1
/usr/bin/cc      -rdynamic CMakeFiles/cmTC_ed78e.dir/CheckIncludeFile.c.o  -o cmTC_ed78e  -lm 
make[1]: Leaving directory '/home/pi/json-c-build/CMakeFiles/CMakeTmp'



Determining if the include file sys/param.h exists passed with the following output:
Change Dir: /home/pi/json-c-build/CMakeFiles/CMakeTmp

Run Build Command(s):/usr/bin/make cmTC_10412/fast && /usr/bin/make -f CMakeFiles/cmTC_10412.dir/build.make CMakeFiles/cmTC_10412.dir/build
make[1]: Entering directory '/home/pi/json-c-build/CMakeFiles/CMakeTmp'
Building C object CMakeFiles/cmTC_10412.dir/CheckIncludeFile.c.o
/usr/bin/cc -D_GNU_SOURCE  -fPIE   -o CMakeFiles/cmTC_10412.dir/CheckIncludeFile.c.o   -c /home/pi/json-c-build/CMakeFiles/CMakeTmp/CheckIncludeFile.c
Linking C executable cmTC_10412
/usr/bin/cmake -E cmake_link_script CMakeFiles/cmTC_10412.dir/link.txt --verbose=1
/usr/bin/cc      -rdynamic CMakeFiles/cmTC_10412.dir/CheckIncludeFile.c.o  -o cmTC_10412  -lm 
make[1]: Leaving directory '/home/pi/json-c-build/CMakeFiles/CMakeTmp'



Determining if the include file sys/random.h exists passed with the following output:
Change Dir: /home/pi/json-c-build/CMakeFiles/CMakeTmp

Run Build Command(s):/usr/bin/make cmTC_94c7b/fast && /usr/bin/make -f CMakeFiles/cmTC_94c7b.dir/build.make CMakeFiles/cmTC_94c7b.dir/build
make[1]: Entering directory '/home/pi/json-c-build/CMakeFiles/CMakeTmp'
Building C object CMakeFiles/cmTC_94c7b.dir/CheckIncludeFile.c.o
/usr/bin/cc -D_GNU_SOURCE  -fPIE   -o CMakeFiles/cmTC_94c7b.dir/CheckIncludeFile.c.o   -c /home/pi/json-c-build/CMakeFiles/CMakeTmp/CheckIncludeFile.c
Linking C executable cmTC_94c7b
/usr/bin/cmake -E cmake_link_script CMakeFiles/cmTC_94c7b.dir/link.txt --verbose=1
/usr/bin/cc      -rdynamic CMakeFiles/cmTC_94c7b.dir/CheckIncludeFile.c.o  -o cmTC_94c7b  -lm 
make[1]: Leaving directory '/home/pi/json-c-build/CMakeFiles/CMakeTmp'



Determining if the include file sys/stat.h exists passed with the following output:
Change Dir: /home/pi/json-c-build/CMakeFiles/CMakeTmp

Run Build Command(s):/usr/bin/make cmTC_6e7f9/fast && /usr/bin/make -f CMakeFiles/cmTC_6e7f9.dir/build.make CMakeFiles/cmTC_6e7f9.dir/build
make[1]: Entering directory '/home/pi/json-c-build/CMakeFiles/CMakeTmp'
Building C object CMakeFiles/cmTC_6e7f9.dir/CheckIncludeFile.c.o
/usr/bin/cc -D_GNU_SOURCE  -fPIE   -o CMakeFiles/cmTC_6e7f9.dir/CheckIncludeFile.c.o   -c /home/pi/json-c-build/CMakeFiles/CMakeTmp/CheckIncludeFile.c
Linking C executable cmTC_6e7f9
/usr/bin/cmake -E cmake_link_script CMakeFiles/cmTC_6e7f9.dir/link.txt --verbose=1
/usr/bin/cc      -rdynamic CMakeFiles/cmTC_6e7f9.dir/CheckIncludeFile.c.o  -o cmTC_6e7f9  -lm 
make[1]: Leaving directory '/home/pi/json-c-build/CMakeFiles/CMakeTmp'



Determining if the INFINITY exist passed with the following output:
Change Dir: /home/pi/json-c-build/CMakeFiles/CMakeTmp

Run Build Command(s):/usr/bin/make cmTC_30112/fast && /usr/bin/make -f CMakeFiles/cmTC_30112.dir/build.make CMakeFiles/cmTC_30112.dir/build
make[1]: Entering directory '/home/pi/json-c-build/CMakeFiles/CMakeTmp'
Building C object CMakeFiles/cmTC_30112.dir/CheckSymbolExists.c.o
/usr/bin/cc -D_GNU_SOURCE  -fPIE   -o CMakeFiles/cmTC_30112.dir/CheckSymbolExists.c.o   -c /home/pi/json-c-build/CMakeFiles/CMakeTmp/CheckSymbolExists.c
Linking C executable cmTC_30112
/usr/bin/cmake -E cmake_link_script CMakeFiles/cmTC_30112.dir/link.txt --verbose=1
/usr/bin/cc      -rdynamic CMakeFiles/cmTC_30112.dir/CheckSymbolExists.c.o  -o cmTC_30112  -lm 
make[1]: Leaving directory '/home/pi/json-c-build/CMakeFiles/CMakeTmp'


File /home/pi/json-c-build/CMakeFiles/CMakeTmp/CheckSymbolExists.c:
/* */
#include <math.h>

int main(int argc, char** argv)
{
  (void)argv;
#ifndef INFINITY
  return ((int*)(&INFINITY))[argc];
#else
  (void)argc;
  return 0;
#endif
}
Determining if the isinf exist passed with the following output:
Change Dir: /home/pi/json-c-build/CMakeFiles/CMakeTmp

Run Build Command(s):/usr/bin/make cmTC_0ce8b/fast && /usr/bin/make -f CMakeFiles/cmTC_0ce8b.dir/build.make CMakeFiles/cmTC_0ce8b.dir/build
make[1]: Entering directory '/home/pi/json-c-build/CMakeFiles/CMakeTmp'
Building C object CMakeFiles/cmTC_0ce8b.dir/CheckSymbolExists.c.o
/usr/bin/cc -D_GNU_SOURCE  -fPIE   -o CMakeFiles/cmTC_0ce8b.dir/CheckSymbolExists.c.o   -c /home/pi/json-c-build/CMakeFiles/CMakeTmp/CheckSymbolExists.c
Linking C executable cmTC_0ce8b
/usr/bin/cmake -E cmake_link_script CMakeFiles/cmTC_0ce8b.dir/link.txt --verbose=1
/usr/bin/cc      -rdynamic CMakeFiles/cmTC_0ce8b.dir/CheckSymbolExists.c.o  -o cmTC_0ce8b  -lm 
make[1]: Leaving directory '/home/pi/json-c-build/CMakeFiles/CMakeTmp'


File /home/pi/json-c-build/CMakeFiles/CMakeTmp/CheckSymbolExists.c:
/* */
#include <math.h>

int main(int argc, char** argv)
{
  (void)argv;
#ifndef isinf
  return ((int*)(&isinf))[argc];
#else
  (void)argc;
  return 0;
#endif
}
Determining if the isnan exist passed with the following output:
Change Dir: /home/pi/json-c-build/CMakeFiles/CMakeTmp

Run Build Command(s):/usr/bin/make cmTC_0eeac/fast && /usr/bin/make -f CMakeFiles/cmTC_0eeac.dir/build.make CMakeFiles/cmTC_0eeac.dir/build
make[1]: Entering directory '/home/pi/json-c-build/CMakeFiles/CMakeTmp'
Building C object CMakeFiles/cmTC_0eeac.dir/CheckSymbolExists.c.o
/usr/bin/cc -D_GNU_SOURCE  -fPIE   -o CMakeFiles/cmTC_0eeac.dir/CheckSymbolExists.c.o   -c /home/pi/json-c-build/CMakeFiles/CMakeTmp/CheckSymbolExists.c
Linking C executable cmTC_0eeac
/usr/bin/cmake -E cmake_link_script CMakeFiles/cmTC_0eeac.dir/link.txt --verbose=1
/usr/bin/cc      -rdynamic CMakeFiles/cmTC_0eeac.dir/CheckSymbolExists.c.o  -o cmTC_0eeac  -lm 
make[1]: Leaving directory '/home/pi/json-c-build/CMakeFiles/CMakeTmp'


File /home/pi/json-c-build/CMakeFiles/CMakeTmp/CheckSymbolExists.c:
/* */
#include <math.h>

int main(int argc, char** argv)
{
  (void)argv;
#ifndef isnan
  return ((int*)(&isnan))[argc];
#else
  (void)argc;
  return 0;
#endif
}
Determining if the nan exist passed with the following output:
Change Dir: /home/pi/json-c-build/CMakeFiles/CMakeTmp

Run Build Command(s):/usr/bin/make cmTC_6fe5d/fast && /usr/bin/make -f CMakeFiles/cmTC_6fe5d.dir/build.make CMakeFiles/cmTC_6fe5d.dir/build
make[1]: Entering directory '/home/pi/json-c-build/CMakeFiles/CMakeTmp'
Building C object CMakeFiles/cmTC_6fe5d.dir/CheckSymbolExists.c.o
/usr/bin/cc -D_GNU_SOURCE  -fPIE   -o CMakeFiles/cmTC_6fe5d.dir/CheckSymbolExists.c.o   -c /home/pi/json-c-build/CMakeFiles/CMakeTmp/CheckSymbolExists.c
Linking C executable cmTC_6fe5d
/usr/bin/cmake -E cmake_link_script CMakeFiles/cmTC_6fe5d.dir/link.txt --verbose=1
/usr/bin/cc      -rdynamic CMakeFiles/cmTC_6fe5d.dir/CheckSymbolExists.c.o  -o cmTC_6fe5d  -lm 
make[1]: Leaving directory '/home/pi/json-c-build/CMakeFiles/CMakeTmp'


File /home/pi/json-c-build/CMakeFiles/CMakeTmp/CheckSymbolExists.c:
/* */
#include <math.h>

int main(int argc, char** argv)
{
  (void)argv;
#ifndef nan
  return ((int*)(&nan))[argc];
#else
  (void)argc;
  return 0;
#endif
}
Determining if the snprintf exist passed with the following output:
Change Dir: /home/pi/json-c-build/CMakeFiles/CMakeTmp

Run Build Command(s):/usr/bin/make cmTC_41927/fast && /usr/bin/make -f CMakeFiles/cmTC_41927.dir/build.make CMakeFiles/cmTC_41927.dir/build
make[1]: Entering directory '/home/pi/json-c-build/CMakeFiles/CMakeTmp'
Building C object CMakeFiles/cmTC_41927.dir/CheckSymbolExists.c.o
/usr/bin/cc -D_GNU_SOURCE  -fPIE   -o CMakeFiles/cmTC_41927.dir/CheckSymbolExists.c.o   -c /home/pi/json-c-build/CMakeFiles/CMakeTmp/CheckSymbolExists.c
Linking C executable cmTC_41927
/usr/bin/cmake -E cmake_link_script CMakeFiles/cmTC_41927.dir/link.txt --verbose=1
/usr/bin/cc      -rdynamic CMakeFiles/cmTC_41927.dir/CheckSymbolExists.c.o  -o cmTC_41927  -lm 
make[1]: Leaving directory '/home/pi/json-c-build/CMakeFiles/CMakeTmp'


File /home/pi/json-c-build/CMakeFiles/CMakeTmp/CheckSymbolExists.c:
/* */
#include <stdio.h>

int main(int argc, char** argv)
{
  (void)argv;
#ifndef snprintf
  return ((int*)(&snprintf))[argc];
#else
  (void)argc;
  return 0;
#endif
}
Determining if the vasprintf exist passed with the following output:
Change Dir: /home/pi/json-c-build/CMakeFiles/CMakeTmp

Run Build Command(s):/usr/bin/make cmTC_18af7/fast && /usr/bin/make -f CMakeFiles/cmTC_18af7.dir/build.make CMakeFiles/cmTC_18af7.dir/build
make[1]: Entering directory '/home/pi/json-c-build/CMakeFiles/CMakeTmp'
Building C object CMakeFiles/cmTC_18af7.dir/CheckSymbolExists.c.o
/usr/bin/cc -D_GNU_SOURCE  -fPIE   -o CMakeFiles/cmTC_18af7.dir/CheckSymbolExists.c.o   -c /home/pi/json-c-build/CMakeFiles/CMakeTmp/CheckSymbolExists.c
Linking C executable cmTC_18af7
/usr/bin/cmake -E cmake_link_script CMakeFiles/cmTC_18af7.dir/link.txt --verbose=1
/usr/bin/cc      -rdynamic CMakeFiles/cmTC_18af7.dir/CheckSymbolExists.c.o  -o cmTC_18af7  -lm 
make[1]: Leaving directory '/home/pi/json-c-build/CMakeFiles/CMakeTmp'


File /home/pi/json-c-build/CMakeFiles/CMakeTmp/CheckSymbolExists.c:
/* */
#include <stdio.h>

int main(int argc, char** argv)
{
  (void)argv;
#ifndef vasprintf
  return ((int*)(&vasprintf))[argc];
#else
  (void)argc;
  return 0;
#endif
}
Determining if the vsnprintf exist passed with the following output:
Change Dir: /home/pi/json-c-build/CMakeFiles/CMakeTmp

Run Build Command(s):/usr/bin/make cmTC_4fd9f/fast && /usr/bin/make -f CMakeFiles/cmTC_4fd9f.dir/build.make CMakeFiles/cmTC_4fd9f.dir/build
make[1]: Entering directory '/home/pi/json-c-build/CMakeFiles/CMakeTmp'
Building C object CMakeFiles/cmTC_4fd9f.dir/CheckSymbolExists.c.o
/usr/bin/cc -D_GNU_SOURCE  -fPIE   -o CMakeFiles/cmTC_4fd9f.dir/CheckSymbolExists.c.o   -c /home/pi/json-c-build/CMakeFiles/CMakeTmp/CheckSymbolExists.c
Linking C executable cmTC_4fd9f
/usr/bin/cmake -E cmake_link_script CMakeFiles/cmTC_4fd9f.dir/link.txt --verbose=1
/usr/bin/cc      -rdynamic CMakeFiles/cmTC_4fd9f.dir/CheckSymbolExists.c.o  -o cmTC_4fd9f  -lm 
make[1]: Leaving directory '/home/pi/json-c-build/CMakeFiles/CMakeTmp'


File /home/pi/json-c-build/CMakeFiles/CMakeTmp/CheckSymbolExists.c:
/* */
#include <stdio.h>

int main(int argc, char** argv)
{
  (void)argv;
#ifndef vsnprintf
  return ((int*)(&vsnprintf))[argc];
#else
  (void)argc;
  return 0;
#endif
}
Determining if the vprintf exist passed with the following output:
Change Dir: /home/pi/json-c-build/CMakeFiles/CMakeTmp

Run Build Command(s):/usr/bin/make cmTC_32a8c/fast && /usr/bin/make -f CMakeFiles/cmTC_32a8c.dir/build.make CMakeFiles/cmTC_32a8c.dir/build
make[1]: Entering directory '/home/pi/json-c-build/CMakeFiles/CMakeTmp'
Building C object CMakeFiles/cmTC_32a8c.dir/CheckSymbolExists.c.o
/usr/bin/cc -D_GNU_SOURCE  -fPIE   -o CMakeFiles/cmTC_32a8c.dir/CheckSymbolExists.c.o   -c /home/pi/json-c-build/CMakeFiles/CMakeTmp/CheckSymbolExists.c
Linking C executable cmTC_32a8c
/usr/bin/cmake -E cmake_link_script CMakeFiles/cmTC_32a8c.dir/link.txt --verbose=1
/usr/bin/cc      -rdynamic CMakeFiles/cmTC_32a8c.dir/CheckSymbolExists.c.o  -o cmTC_32a8c  -lm 
make[1]: Leaving directory '/home/pi/json-c-build/CMakeFiles/CMakeTmp'


File /home/pi/json-c-build/CMakeFiles/CMakeTmp/CheckSymbolExists.c:
/* */
#include <stdio.h>

int main(int argc, char** argv)
{
  (void)argv;
#ifndef vprintf
  return ((int*)(&vprintf))[argc];
#else
  (void)argc;
  return 0;
#endif
}
Determining if the open exist passed with the following output:
Change Dir: /home/pi/json-c-build/CMakeFiles/CMakeTmp

Run Build Command(s):/usr/bin/make cmTC_b902c/fast && /usr/bin/make -f CMakeFiles/cmTC_b902c.dir/build.make CMakeFiles/cmTC_b902c.dir/build
make[1]: Entering directory '/home/pi/json-c-build/CMakeFiles/CMakeTmp'
Building C object CMakeFiles/cmTC_b902c.dir/CheckSymbolExists.c.o
/usr/bin/cc -D_GNU_SOURCE  -fPIE   -o CMakeFiles/cmTC_b902c.dir/CheckSymbolExists.c.o   -c /home/pi/json-c-build/CMakeFiles/CMakeTmp/CheckSymbolExists.c
Linking C executable cmTC_b902c
/usr/bin/cmake -E cmake_link_script CMakeFiles/cmTC_b902c.dir/link.txt --verbose=1
/usr/bin/cc      -rdynamic CMakeFiles/cmTC_b902c.dir/CheckSymbolExists.c.o  -o cmTC_b902c  -lm 
make[1]: Leaving directory '/home/pi/json-c-build/CMakeFiles/CMakeTmp'


File /home/pi/json-c-build/CMakeFiles/CMakeTmp/CheckSymbolExists.c:
/* */
#include <fcntl.h>

int main(int argc, char** argv)
{
  (void)argv;
#ifndef open
  return ((int*)(&open))[argc];
#else
  (void)argc;
  return 0;
#endif
}
Determining if the realloc exist passed with the following output:
Change Dir: /home/pi/json-c-build/CMakeFiles/CMakeTmp

Run Build Command(s):/usr/bin/make cmTC_24743/fast && /usr/bin/make -f CMakeFiles/cmTC_24743.dir/build.make CMakeFiles/cmTC_24743.dir/build
make[1]: Entering directory '/home/pi/json-c-build/CMakeFiles/CMakeTmp'
Building C object CMakeFiles/cmTC_24743.dir/CheckSymbolExists.c.o
/usr/bin/cc -D_GNU_SOURCE  -fPIE   -o CMakeFiles/cmTC_24743.dir/CheckSymbolExists.c.o   -c /home/pi/json-c-build/CMakeFiles/CMakeTmp/CheckSymbolExists.c
Linking C executable cmTC_24743
/usr/bin/cmake -E cmake_link_script CMakeFiles/cmTC_24743.dir/link.txt --verbose=1
/usr/bin/cc      -rdynamic CMakeFiles/cmTC_24743.dir/CheckSymbolExists.c.o  -o cmTC_24743  -lm 
make[1]: Leaving directory '/home/pi/json-c-build/CMakeFiles/CMakeTmp'


File /home/pi/json-c-build/CMakeFiles/CMakeTmp/CheckSymbolExists.c:
/* */
#include <stdlib.h>

int main(int argc, char** argv)
{
  (void)argv;
#ifndef realloc
  return ((int*)(&realloc))[argc];
#else
  (void)argc;
  return 0;
#endif
}
Determining if the setlocale exist passed with the following output:
Change Dir: /home/pi/json-c-build/CMakeFiles/CMakeTmp

Run Build Command(s):/usr/bin/make cmTC_bdbe3/fast && /usr/bin/make -f CMakeFiles/cmTC_bdbe3.dir/build.make CMakeFiles/cmTC_bdbe3.dir/build
make[1]: Entering directory '/home/pi/json-c-build/CMakeFiles/CMakeTmp'
Building C object CMakeFiles/cmTC_bdbe3.dir/CheckSymbolExists.c.o
/usr/bin/cc -D_GNU_SOURCE  -fPIE   -o CMakeFiles/cmTC_bdbe3.dir/CheckSymbolExists.c.o   -c /home/pi/json-c-build/CMakeFiles/CMakeTmp/CheckSymbolExists.c
Linking C executable cmTC_bdbe3
/usr/bin/cmake -E cmake_link_script CMakeFiles/cmTC_bdbe3.dir/link.txt --verbose=1
/usr/bin/cc      -rdynamic CMakeFiles/cmTC_bdbe3.dir/CheckSymbolExists.c.o  -o cmTC_bdbe3  -lm 
make[1]: Leaving directory '/home/pi/json-c-build/CMakeFiles/CMakeTmp'


File /home/pi/json-c-build/CMakeFiles/CMakeTmp/CheckSymbolExists.c:
/* */
#include <locale.h>

int main(int argc, char** argv)
{
  (void)argv;
#ifndef setlocale
  return ((int*)(&setlocale))[argc];
#else
  (void)argc;
  return 0;
#endif
}
Determining if the uselocale exist passed with the following output:
Change Dir: /home/pi/json-c-build/CMakeFiles/CMakeTmp

Run Build Command(s):/usr/bin/make cmTC_95372/fast && /usr/bin/make -f CMakeFiles/cmTC_95372.dir/build.make CMakeFiles/cmTC_95372.dir/build
make[1]: Entering directory '/home/pi/json-c-build/CMakeFiles/CMakeTmp'
Building C object CMakeFiles/cmTC_95372.dir/CheckSymbolExists.c.o
/usr/bin/cc -D_GNU_SOURCE  -fPIE   -o CMakeFiles/cmTC_95372.dir/CheckSymbolExists.c.o   -c /home/pi/json-c-build/CMakeFiles/CMakeTmp/CheckSymbolExists.c
Linking C executable cmTC_95372
/usr/bin/cmake -E cmake_link_script CMakeFiles/cmTC_95372.dir/link.txt --verbose=1
/usr/bin/cc      -rdynamic CMakeFiles/cmTC_95372.dir/CheckSymbolExists.c.o  -o cmTC_95372  -lm 
make[1]: Leaving directory '/home/pi/json-c-build/CMakeFiles/CMakeTmp'


File /home/pi/json-c-build/CMakeFiles/CMakeTmp/CheckSymbolExists.c:
/* */
#include <locale.h>

int main(int argc, char** argv)
{
  (void)argv;
#ifndef uselocale
  return ((int*)(&uselocale))[argc];
#else
  (void)argc;
  return 0;
#endif
}
Determining if the strcasecmp exist passed with the following output:
Change Dir: /home/pi/json-c-build/CMakeFiles/CMakeTmp

Run Build Command(s):/usr/bin/make cmTC_ed734/fast && /usr/bin/make -f CMakeFiles/cmTC_ed734.dir/build.make CMakeFiles/cmTC_ed734.dir/build
make[1]: Entering directory '/home/pi/json-c-build/CMakeFiles/CMakeTmp'
Building C object CMakeFiles/cmTC_ed734.dir/CheckSymbolExists.c.o
/usr/bin/cc -D_GNU_SOURCE  -fPIE   -o CMakeFiles/cmTC_ed734.dir/CheckSymbolExists.c.o   -c /home/pi/json-c-build/CMakeFiles/CMakeTmp/CheckSymbolExists.c
Linking C executable cmTC_ed734
/usr/bin/cmake -E cmake_link_script CMakeFiles/cmTC_ed734.dir/link.txt --verbose=1
/usr/bin/cc      -rdynamic CMakeFiles/cmTC_ed734.dir/CheckSymbolExists.c.o  -o cmTC_ed734  -lm 
make[1]: Leaving directory '/home/pi/json-c-build/CMakeFiles/CMakeTmp'


File /home/pi/json-c-build/CMakeFiles/CMakeTmp/CheckSymbolExists.c:
/* */
#include <strings.h>

int main(int argc, char** argv)
{
  (void)argv;
#ifndef strcasecmp
  return ((int*)(&strcasecmp))[argc];
#else
  (void)argc;
  return 0;
#endif
}
Determining if the strncasecmp exist passed with the following output:
Change Dir: /home/pi/json-c-build/CMakeFiles/CMakeTmp

Run Build Command(s):/usr/bin/make cmTC_2bde5/fast && /usr/bin/make -f CMakeFiles/cmTC_2bde5.dir/build.make CMakeFiles/cmTC_2bde5.dir/build
make[1]: Entering directory '/home/pi/json-c-build/CMakeFiles/CMakeTmp'
Building C object CMakeFiles/cmTC_2bde5.dir/CheckSymbolExists.c.o
/usr/bin/cc -D_GNU_SOURCE  -fPIE   -o CMakeFiles/cmTC_2bde5.dir/CheckSymbolExists.c.o   -c /home/pi/json-c-build/CMakeFiles/CMakeTmp/CheckSymbolExists.c
Linking C executable cmTC_2bde5
/usr/bin/cmake -E cmake_link_script CMakeFiles/cmTC_2bde5.dir/link.txt --verbose=1
/usr/bin/cc      -rdynamic CMakeFiles/cmTC_2bde5.dir/CheckSymbolExists.c.o  -o cmTC_2bde5  -lm 
make[1]: Leaving directory '/home/pi/json-c-build/CMakeFiles/CMakeTmp'


File /home/pi/json-c-build/CMakeFiles/CMakeTmp/CheckSymbolExists.c:
/* */
#include <strings.h>

int main(int argc, char** argv)
{
  (void)argv;
#ifndef strncasecmp
  return ((int*)(&strncasecmp))[argc];
#else
  (void)argc;
  return 0;
#endif
}
Determining if the strdup exist passed with the following output:
Change Dir: /home/pi/json-c-build/CMakeFiles/CMakeTmp

Run Build Command(s):/usr/bin/make cmTC_f8fda/fast && /usr/bin/make -f CMakeFiles/cmTC_f8fda.dir/build.make CMakeFiles/cmTC_f8fda.dir/build
make[1]: Entering directory '/home/pi/json-c-build/CMakeFiles/CMakeTmp'
Building C object CMakeFiles/cmTC_f8fda.dir/CheckSymbolExists.c.o
/usr/bin/cc -D_GNU_SOURCE  -fPIE   -o CMakeFiles/cmTC_f8fda.dir/CheckSymbolExists.c.o   -c /home/pi/json-c-build/CMakeFiles/CMakeTmp/CheckSymbolExists.c
Linking C executable cmTC_f8fda
/usr/bin/cmake -E cmake_link_script CMakeFiles/cmTC_f8fda.dir/link.txt --verbose=1
/usr/bin/cc      -rdynamic CMakeFiles/cmTC_f8fda.dir/CheckSymbolExists.c.o  -o cmTC_f8fda  -lm 
make[1]: Leaving directory '/home/pi/json-c-build/CMakeFiles/CMakeTmp'


File /home/pi/json-c-build/CMakeFiles/CMakeTmp/CheckSymbolExists.c:
/* */
#include <string.h>

int main(int argc, char** argv)
{
  (void)argv;
#ifndef strdup
  return ((int*)(&strdup))[argc];
#else
  (void)argc;
  return 0;
#endif
}
Determining if the strerror exist passed with the following output:
Change Dir: /home/pi/json-c-build/CMakeFiles/CMakeTmp

Run Build Command(s):/usr/bin/make cmTC_98db7/fast && /usr/bin/make -f CMakeFiles/cmTC_98db7.dir/build.make CMakeFiles/cmTC_98db7.dir/build
make[1]: Entering directory '/home/pi/json-c-build/CMakeFiles/CMakeTmp'
Building C object CMakeFiles/cmTC_98db7.dir/CheckSymbolExists.c.o
/usr/bin/cc -D_GNU_SOURCE  -fPIE   -o CMakeFiles/cmTC_98db7.dir/CheckSymbolExists.c.o   -c /home/pi/json-c-build/CMakeFiles/CMakeTmp/CheckSymbolExists.c
Linking C executable cmTC_98db7
/usr/bin/cmake -E cmake_link_script CMakeFiles/cmTC_98db7.dir/link.txt --verbose=1
/usr/bin/cc      -rdynamic CMakeFiles/cmTC_98db7.dir/CheckSymbolExists.c.o  -o cmTC_98db7  -lm 
make[1]: Leaving directory '/home/pi/json-c-build/CMakeFiles/CMakeTmp'


File /home/pi/json-c-build/CMakeFiles/CMakeTmp/CheckSymbolExists.c:
/* */
#include <string.h>

int main(int argc, char** argv)
{
  (void)argv;
#ifndef strerror
  return ((int*)(&strerror))[argc];
#else
  (void)argc;
  return 0;
#endif
}
Determining if the vsyslog exist passed with the following output:
Change Dir: /home/pi/json-c-build/CMakeFiles/CMakeTmp

Run Build Command(s):/usr/bin/make cmTC_5fdc7/fast && /usr/bin/make -f CMakeFiles/cmTC_5fdc7.dir/build.make CMakeFiles/cmTC_5fdc7.dir/build
make[1]: Entering directory '/home/pi/json-c-build/CMakeFiles/CMakeTmp'
Building C object CMakeFiles/cmTC_5fdc7.dir/CheckSymbolExists.c.o
/usr/bin/cc -D_GNU_SOURCE  -fPIE   -o CMakeFiles/cmTC_5fdc7.dir/CheckSymbolExists.c.o   -c /home/pi/json-c-build/CMakeFiles/CMakeTmp/CheckSymbolExists.c
Linking C executable cmTC_5fdc7
/usr/bin/cmake -E cmake_link_script CMakeFiles/cmTC_5fdc7.dir/link.txt --verbose=1
/usr/bin/cc      -rdynamic CMakeFiles/cmTC_5fdc7.dir/CheckSymbolExists.c.o  -o cmTC_5fdc7  -lm 
make[1]: Leaving directory '/home/pi/json-c-build/CMakeFiles/CMakeTmp'


File /home/pi/json-c-build/CMakeFiles/CMakeTmp/CheckSymbolExists.c:
/* */
#include <syslog.h>

int main(int argc, char** argv)
{
  (void)argv;
#ifndef vsyslog
  return ((int*)(&vsyslog))[argc];
#else
  (void)argc;
  return 0;
#endif
}
Determining if the getrandom exist passed with the following output:
Change Dir: /home/pi/json-c-build/CMakeFiles/CMakeTmp

Run Build Command(s):/usr/bin/make cmTC_d5ced/fast && /usr/bin/make -f CMakeFiles/cmTC_d5ced.dir/build.make CMakeFiles/cmTC_d5ced.dir/build
make[1]: Entering directory '/home/pi/json-c-build/CMakeFiles/CMakeTmp'
Building C object CMakeFiles/cmTC_d5ced.dir/CheckSymbolExists.c.o
/usr/bin/cc -D_GNU_SOURCE  -fPIE   -o CMakeFiles/cmTC_d5ced.dir/CheckSymbolExists.c.o   -c /home/pi/json-c-build/CMakeFiles/CMakeTmp/CheckSymbolExists.c
Linking C executable cmTC_d5ced
/usr/bin/cmake -E cmake_link_script CMakeFiles/cmTC_d5ced.dir/link.txt --verbose=1
/usr/bin/cc      -rdynamic CMakeFiles/cmTC_d5ced.dir/CheckSymbolExists.c.o  -o cmTC_d5ced  -lm 
make[1]: Leaving directory '/home/pi/json-c-build/CMakeFiles/CMakeTmp'


File /home/pi/json-c-build/CMakeFiles/CMakeTmp/CheckSymbolExists.c:
/* */
#include <sys/random.h>

int main(int argc, char** argv)
{
  (void)argv;
#ifndef getrandom
  return ((int*)(&getrandom))[argc];
#else
  (void)argc;
  return 0;
#endif
}
Determining if the strtoll exist passed with the following output:
Change Dir: /home/pi/json-c-build/CMakeFiles/CMakeTmp

Run Build Command(s):/usr/bin/make cmTC_f432b/fast && /usr/bin/make -f CMakeFiles/cmTC_f432b.dir/build.make CMakeFiles/cmTC_f432b.dir/build
make[1]: Entering directory '/home/pi/json-c-build/CMakeFiles/CMakeTmp'
Building C object CMakeFiles/cmTC_f432b.dir/CheckSymbolExists.c.o
/usr/bin/cc -D_GNU_SOURCE  -fPIE   -o CMakeFiles/cmTC_f432b.dir/CheckSymbolExists.c.o   -c /home/pi/json-c-build/CMakeFiles/CMakeTmp/CheckSymbolExists.c
Linking C executable cmTC_f432b
/usr/bin/cmake -E cmake_link_script CMakeFiles/cmTC_f432b.dir/link.txt --verbose=1
/usr/bin/cc      -rdynamic CMakeFiles/cmTC_f432b.dir/CheckSymbolExists.c.o  -o cmTC_f432b  -lm 
make[1]: Leaving directory '/home/pi/json-c-build/CMakeFiles/CMakeTmp'


File /home/pi/json-c-build/CMakeFiles/CMakeTmp/CheckSymbolExists.c:
/* */
#include <stdlib.h>

int main(int argc, char** argv)
{
  (void)argv;
#ifndef strtoll
  return ((int*)(&strtoll))[argc];
#else
  (void)argc;
  return 0;
#endif
}
Determining if the strtoull exist passed with the following output:
Change Dir: /home/pi/json-c-build/CMakeFiles/CMakeTmp

Run Build Command(s):/usr/bin/make cmTC_20c3e/fast && /usr/bin/make -f CMakeFiles/cmTC_20c3e.dir/build.make CMakeFiles/cmTC_20c3e.dir/build
make[1]: Entering directory '/home/pi/json-c-build/CMakeFiles/CMakeTmp'
Building C object CMakeFiles/cmTC_20c3e.dir/CheckSymbolExists.c.o
/usr/bin/cc -D_GNU_SOURCE  -fPIE   -o CMakeFiles/cmTC_20c3e.dir/CheckSymbolExists.c.o   -c /home/pi/json-c-build/CMakeFiles/CMakeTmp/CheckSymbolExists.c
Linking C executable cmTC_20c3e
/usr/bin/cmake -E cmake_link_script CMakeFiles/cmTC_20c3e.dir/link.txt --verbose=1
/usr/bin/cc      -rdynamic CMakeFiles/cmTC_20c3e.dir/CheckSymbolExists.c.o  -o cmTC_20c3e  -lm 
make[1]: Leaving directory '/home/pi/json-c-build/CMakeFiles/CMakeTmp'


File /home/pi/json-c-build/CMakeFiles/CMakeTmp/CheckSymbolExists.c:
/* */
#include <stdlib.h>

int main(int argc, char** argv)
{
  (void)argv;
#ifndef strtoull
  return ((int*)(&strtoull))[argc];
#else
  (void)argc;
  return 0;
#endif
}
Determining if the include file stddef.h exists passed with the following output:
Change Dir: /home/pi/json-c-build/CMakeFiles/CMakeTmp

Run Build Command(s):/usr/bin/make cmTC_2e85c/fast && /usr/bin/make -f CMakeFiles/cmTC_2e85c.dir/build.make CMakeFiles/cmTC_2e85c.dir/build
make[1]: Entering directory '/home/pi/json-c-build/CMakeFiles/CMakeTmp'
Building C object CMakeFiles/cmTC_2e85c.dir/CheckIncludeFile.c.o
/usr/bin/cc -D_GNU_SOURCE  -fPIE   -o CMakeFiles/cmTC_2e85c.dir/CheckIncludeFile.c.o   -c /home/pi/json-c-build/CMakeFiles/CMakeTmp/CheckIncludeFile.c
Linking C executable cmTC_2e85c
/usr/bin/cmake -E cmake_link_script CMakeFiles/cmTC_2e85c.dir/link.txt --verbose=1
/usr/bin/cc      -rdynamic CMakeFiles/cmTC_2e85c.dir/CheckIncludeFile.c.o  -o cmTC_2e85c  -lm 
make[1]: Leaving directory '/home/pi/json-c-build/CMakeFiles/CMakeTmp'



Determining size of int passed with the following output:
Change Dir: /home/pi/json-c-build/CMakeFiles/CMakeTmp

Run Build Command(s):/usr/bin/make cmTC_b17fd/fast && /usr/bin/make -f CMakeFiles/cmTC_b17fd.dir/build.make CMakeFiles/cmTC_b17fd.dir/build
make[1]: Entering directory '/home/pi/json-c-build/CMakeFiles/CMakeTmp'
Building C object CMakeFiles/cmTC_b17fd.dir/SIZEOF_INT.c.o
/usr/bin/cc -D_GNU_SOURCE  -fPIE   -o CMakeFiles/cmTC_b17fd.dir/SIZEOF_INT.c.o   -c /home/pi/json-c-build/CMakeFiles/CheckTypeSize/SIZEOF_INT.c
Linking C executable cmTC_b17fd
/usr/bin/cmake -E cmake_link_script CMakeFiles/cmTC_b17fd.dir/link.txt --verbose=1
/usr/bin/cc      -rdynamic CMakeFiles/cmTC_b17fd.dir/SIZEOF_INT.c.o  -o cmTC_b17fd  -lm 
make[1]: Leaving directory '/home/pi/json-c-build/CMakeFiles/CMakeTmp'



Determining size of int64_t passed with the following output:
Change Dir: /home/pi/json-c-build/CMakeFiles/CMakeTmp

Run Build Command(s):/usr/bin/make cmTC_67883/fast && /usr/bin/make -f CMakeFiles/cmTC_67883.dir/build.make CMakeFiles/cmTC_67883.dir/build
make[1]: Entering directory '/home/pi/json-c-build/CMakeFiles/CMakeTmp'
Building C object CMakeFiles/cmTC_67883.dir/SIZEOF_INT64_T.c.o
/usr/bin/cc -D_GNU_SOURCE  -fPIE   -o CMakeFiles/cmTC_67883.dir/SIZEOF_INT64_T.c.o   -c /home/pi/json-c-build/CMakeFiles/CheckTypeSize/SIZEOF_INT64_T.c
Linking C executable cmTC_67883
/usr/bin/cmake -E cmake_link_script CMakeFiles/cmTC_67883.dir/link.txt --verbose=1
/usr/bin/cc      -rdynamic CMakeFiles/cmTC_67883.dir/SIZEOF_INT64_T.c.o  -o cmTC_67883  -lm 
make[1]: Leaving directory '/home/pi/json-c-build/CMakeFiles/CMakeTmp'



Determining size of long passed with the following output:
Change Dir: /home/pi/json-c-build/CMakeFiles/CMakeTmp

Run Build Command(s):/usr/bin/make cmTC_92924/fast && /usr/bin/make -f CMakeFiles/cmTC_92924.dir/build.make CMakeFiles/cmTC_92924.dir/build
make[1]: Entering directory '/home/pi/json-c-build/CMakeFiles/CMakeTmp'
Building C object CMakeFiles/cmTC_92924.dir/SIZEOF_LONG.c.o
/usr/bin/cc -D_GNU_SOURCE  -fPIE   -o CMakeFiles/cmTC_92924.dir/SIZEOF_LONG.c.o   -c /home/pi/json-c-build/CMakeFiles/CheckTypeSize/SIZEOF_LONG.c
Linking C executable cmTC_92924
/usr/bin/cmake -E cmake_link_script CMakeFiles/cmTC_92924.dir/link.txt --verbose=1
/usr/bin/cc      -rdynamic CMakeFiles/cmTC_92924.dir/SIZEOF_LONG.c.o  -o cmTC_92924  -lm 
make[1]: Leaving directory '/home/pi/json-c-build/CMakeFiles/CMakeTmp'



Determining size of long long passed with the following output:
Change Dir: /home/pi/json-c-build/CMakeFiles/CMakeTmp

Run Build Command(s):/usr/bin/make cmTC_745e0/fast && /usr/bin/make -f CMakeFiles/cmTC_745e0.dir/build.make CMakeFiles/cmTC_745e0.dir/build
make[1]: Entering directory '/home/pi/json-c-build/CMakeFiles/CMakeTmp'
Building C object CMakeFiles/cmTC_745e0.dir/SIZEOF_LONG_LONG.c.o
/usr/bin/cc -D_GNU_SOURCE  -fPIE   -o CMakeFiles/cmTC_745e0.dir/SIZEOF_LONG_LONG.c.o   -c /home/pi/json-c-build/CMakeFiles/CheckTypeSize/SIZEOF_LONG_LONG.c
Linking C executable cmTC_745e0
/usr/bin/cmake -E cmake_link_script CMakeFiles/cmTC_745e0.dir/link.txt --verbose=1
/usr/bin/cc      -rdynamic CMakeFiles/cmTC_745e0.dir/SIZEOF_LONG_LONG.c.o  -o cmTC_745e0  -lm 
make[1]: Leaving directory '/home/pi/json-c-build/CMakeFiles/CMakeTmp'



Determining size of size_t passed with the following output:
Change Dir: /home/pi/json-c-build/CMakeFiles/CMakeTmp

Run Build Command(s):/usr/bin/make cmTC_3645c/fast && /usr/bin/make -f CMakeFiles/cmTC_3645c.dir/build.make CMakeFiles/cmTC_3645c.dir/build
make[1]: Entering directory '/home/pi/json-c-build/CMakeFiles/CMakeTmp'
Building C object CMakeFiles/cmTC_3645c.dir/SIZEOF_SIZE_T.c.o
/usr/bin/cc -D_GNU_SOURCE  -fPIE   -o CMakeFiles/cmTC_3645c.dir/SIZEOF_SIZE_T.c.o   -c /home/pi/json-c-build/CMakeFiles/CheckTypeSize/SIZEOF_SIZE_T.c
Linking C executable cmTC_3645c
/usr/bin/cmake -E cmake_link_script CMakeFiles/cmTC_3645c.dir/link.txt --verbose=1
/usr/bin/cc      -rdynamic CMakeFiles/cmTC_3645c.dir/SIZEOF_SIZE_T.c.o  -o cmTC_3645c  -lm 
make[1]: Leaving directory '/home/pi/json-c-build/CMakeFiles/CMakeTmp'



Determining size of ssize_t passed with the following output:
Change Dir: /home/pi/json-c-build/CMakeFiles/CMakeTmp

Run Build Command(s):/usr/bin/make cmTC_da3b7/fast && /usr/bin/make -f CMakeFiles/cmTC_da3b7.dir/build.make CMakeFiles/cmTC_da3b7.dir/build
make[1]: Entering directory '/home/pi/json-c-build/CMakeFiles/CMakeTmp'
Building C object CMakeFiles/cmTC_da3b7.dir/SIZEOF_SSIZE_T.c.o
/usr/bin/cc -D_GNU_SOURCE  -fPIE   -o CMakeFiles/cmTC_da3b7.dir/SIZEOF_SSIZE_T.c.o   -c /home/pi/json-c-build/CMakeFiles/CheckTypeSize/SIZEOF_SSIZE_T.c
Linking C executable cmTC_da3b7
/usr/bin/cmake -E cmake_link_script CMakeFiles/cmTC_da3b7.dir/link.txt --verbose=1
/usr/bin/cc      -rdynamic CMakeFiles/cmTC_da3b7.dir/SIZEOF_SSIZE_T.c.o  -o cmTC_da3b7  -lm 
make[1]: Leaving directory '/home/pi/json-c-build/CMakeFiles/CMakeTmp'



Performing C SOURCE FILE Test HAVE_ATOMIC_BUILTINS succeeded with the following output:
Change Dir: /home/pi/json-c-build/CMakeFiles/CMakeTmp

Run Build Command(s):/usr/bin/make cmTC_56d2f/fast && /usr/bin/make -f CMakeFiles/cmTC_56d2f.dir/build.make CMakeFiles/cmTC_56d2f.dir/build
make[1]: Entering directory '/home/pi/json-c-build/CMakeFiles/CMakeTmp'
Building C object CMakeFiles/cmTC_56d2f.dir/src.c.o
/usr/bin/cc -D_GNU_SOURCE  -DHAVE_ATOMIC_BUILTINS -fPIE   -o CMakeFiles/cmTC_56d2f.dir/src.c.o   -c /home/pi/json-c-build/CMakeFiles/CMakeTmp/src.c
Linking C executable cmTC_56d2f
/usr/bin/cmake -E cmake_link_script CMakeFiles/cmTC_56d2f.dir/link.txt --verbose=1
/usr/bin/cc  -DHAVE_ATOMIC_BUILTINS    -rdynamic CMakeFiles/cmTC_56d2f.dir/src.c.o  -o cmTC_56d2f  -lm 
make[1]: Leaving directory '/home/pi/json-c-build/CMakeFiles/CMakeTmp'


Source file was:
int main() { int i, x = 0; i = __sync_add_and_fetch(&x,1); return x; }
Performing C SOURCE FILE Test HAVE___THREAD succeeded with the following output:
Change Dir: /home/pi/json-c-build/CMakeFiles/CMakeTmp

Run Build Command(s):/usr/bin/make cmTC_682ba/fast && /usr/bin/make -f CMakeFiles/cmTC_682ba.dir/build.make CMakeFiles/cmTC_682ba.dir/build
make[1]: Entering directory '/home/pi/json-c-build/CMakeFiles/CMakeTmp'
Building C object CMakeFiles/cmTC_682ba.dir/src.c.o
/usr/bin/cc -D_GNU_SOURCE  -DHAVE___THREAD -fPIE   -o CMakeFiles/cmTC_682ba.dir/src.c.o   -c /home/pi/json-c-build/CMakeFiles/CMakeTmp/src.c
Linking C executable cmTC_682ba
/usr/bin/cmake -E cmake_link_script CMakeFiles/cmTC_682ba.dir/link.txt --verbose=1
/usr/bin/cc  -DHAVE___THREAD    -rdynamic CMakeFiles/cmTC_682ba.dir/src.c.o  -o cmTC_682ba  -lm 
make[1]: Leaving directory '/home/pi/json-c-build/CMakeFiles/CMakeTmp'


Source file was:
__thread int x = 0; int main() { return 0; }
Performing C SOURCE FILE Test REENTRANT_WORKS succeeded with the following output:
Change Dir: /home/pi/json-c-build/CMakeFiles/CMakeTmp

Run Build Command(s):/usr/bin/make cmTC_122cd/fast && /usr/bin/make -f CMakeFiles/cmTC_122cd.dir/build.make CMakeFiles/cmTC_122cd.dir/build
make[1]: Entering directory '/home/pi/json-c-build/CMakeFiles/CMakeTmp'
Building C object CMakeFiles/cmTC_122cd.dir/src.c.o
/usr/bin/cc -D_GNU_SOURCE  -ffunction-sections -fdata-sections -Werror -Wall -Wcast-qual -Wno-error=deprecated-declarations -Wextra -Wwrite-strings -Wno-unused-parameter -Wstrict-prototypes -DREENTRANT_WORKS -fPIE   -o CMakeFiles/cmTC_122cd.dir/src.c.o   -c /home/pi/json-c-build/CMakeFiles/CMakeTmp/src.c
Linking C executable cmTC_122cd
/usr/bin/cmake -E cmake_link_script CMakeFiles/cmTC_122cd.dir/link.txt --verbose=1
/usr/bin/cc  -ffunction-sections -fdata-sections -Werror -Wall -Wcast-qual -Wno-error=deprecated-declarations -Wextra -Wwrite-strings -Wno-unused-parameter -Wstrict-prototypes -DREENTRANT_WORKS    -rdynamic CMakeFiles/cmTC_122cd.dir/src.c.o  -o cmTC_122cd  -lm 
make[1]: Leaving directory '/home/pi/json-c-build/CMakeFiles/CMakeTmp'


Source file was:

	/* uClibc toolchains without threading barf when _REENTRANT is defined */
	#define _REENTRANT 1
	#include <sys/types.h>
	int main (void)
	{
	  return 0;
	}
	
Performing C SOURCE FILE Test BSYMBOLIC_WORKS succeeded with the following output:
Change Dir: /home/pi/json-c-build/CMakeFiles/CMakeTmp

Run Build Command(s):/usr/bin/make cmTC_afdfb/fast && /usr/bin/make -f CMakeFiles/cmTC_afdfb.dir/build.make CMakeFiles/cmTC_afdfb.dir/build
make[1]: Entering directory '/home/pi/json-c-build/CMakeFiles/CMakeTmp'
Building C object CMakeFiles/cmTC_afdfb.dir/src.c.o
/usr/bin/cc -D_GNU_SOURCE  -ffunction-sections -fdata-sections -Werror -Wall -Wcast-qual -Wno-error=deprecated-declarations -Wextra -Wwrite-strings -Wno-unused-parameter -Wstrict-prototypes -DBSYMBOLIC_WORKS -fPIE   -o CMakeFiles/cmTC_afdfb.dir/src.c.o   -c /home/pi/json-c-build/CMakeFiles/CMakeTmp/src.c
Linking C executable cmTC_afdfb
/usr/bin/cmake -E cmake_link_script CMakeFiles/cmTC_afdfb.dir/link.txt --verbose=1
/usr/bin/cc  -ffunction-sections -fdata-sections -Werror -Wall -Wcast-qual -Wno-error=deprecated-declarations -Wextra -Wwrite-strings -Wno-unused-parameter -Wstrict-prototypes -DBSYMBOLIC_WORKS    -rdynamic CMakeFiles/cmTC_afdfb.dir/src.c.o  -o cmTC_afdfb  -lm -Wl,-Bsymbolic-functions 
make[1]: Leaving directory '/home/pi/json-c-build/CMakeFiles/CMakeTmp'


Source file was:

	int main (void)
	{
	  return 0;
	}
	
Performing C SOURCE FILE Test VERSION_SCRIPT_WORKS succeeded with the following output:
Change Dir: /home/pi/json-c-build/CMakeFiles/CMakeTmp

Run Build Command(s):/usr/bin/make cmTC_48d09/fast && /usr/bin/make -f CMakeFiles/cmTC_48d09.dir/build.make CMakeFiles/cmTC_48d09.dir/build
make[1]: Entering directory '/home/pi/json-c-build/CMakeFiles/CMakeTmp'
Building C object CMakeFiles/cmTC_48d09.dir/src.c.o
/usr/bin/cc -D_GNU_SOURCE  -ffunction-sections -fdata-sections -Werror -Wall -Wcast-qual -Wno-error=deprecated-declarations -Wextra -Wwrite-strings -Wno-unused-parameter -Wstrict-prototypes -DVERSION_SCRIPT_WORKS -fPIE   -o CMakeFiles/cmTC_48d09.dir/src.c.o   -c /home/pi/json-c-build/CMakeFiles/CMakeTmp/src.c
Linking C executable cmTC_48d09
/usr/bin/cmake -E cmake_link_script CMakeFiles/cmTC_48d09.dir/link.txt --verbose=1
/usr/bin/cc  -ffunction-sections -fdata-sections -Werror -Wall -Wcast-qual -Wno-error=deprecated-declarations -Wextra -Wwrite-strings -Wno-unused-parameter -Wstrict-prototypes -DVERSION_SCRIPT_WORKS    -rdynamic CMakeFiles/cmTC_48d09.dir/src.c.o  -o cmTC_48d09  -lm -Wl,--version-script,/home/pi/json-c-build/check-version-script.sym 
make[1]: Leaving directory '/home/pi/json-c-build/CMakeFiles/CMakeTmp'


Source file was:

	int main (void)
	{
	  return 0;
	}
	
